Username:  mcintym
Date:      Thu Jan 22 15:22:11 EST 2015
 
(POWER 2 5) => 32 correct
(POWER 4 0) => 1 correct
(SUM (2 5 3)) => 10 correct
(SUM (2 5 -3)) => 4 correct
(SUM NIL) => 0 correct
(SUM (17)) => 17 correct
(PRODUCT (2 5 3)) => 30 correct
(PRODUCT NIL) => 1 correct
(PRODUCT (17)) => 17 correct
(PRODUCT (17 0 2)) => 0 correct
(POWERS-OF-TWO (2 3 5)) => (4 8 32) correct
(POWERS-OF-TWO NIL) => NIL correct
(POWERS-OF-TWO (0)) => (1) correct
(WRAP (2 3 5)) => ((2) (3) (5)) correct
(WRAP NIL) => NIL correct
(WRAP (A)) => ((A)) correct
(WRAP ((A B) C)) => (((A B)) (C)) correct
(WRAP (((NIL NIL)) NIL)) => ((((NIL NIL))) (NIL)) correct
(ADD-PAIRS (2 4 5) (1 2 -2)) => (3 6 3) correct
(ADD-PAIRS NIL NIL) => NIL correct
(ADD-PAIRS (2) (3)) => (5) correct
(ZIP (A B C) (1 2 3)) => ((A 1) (B 2) (C 3)) correct
(ZIP NIL NIL) => NIL correct
(ZIP (x y) (NIL ((A)))) => ((x NIL) (y ((A)))) correct
(DUPLICATE 3 A) => (A A A) correct
(DUPLICATE 2 (1 2)) => ((1 2) (1 2)) correct
(DUPLICATE 0 12) => NIL correct
(DUPLICATE 4 NIL) => (NIL NIL NIL NIL) correct
(DUPLICATE 1 A) => (A) correct
(DUPLICATE 2 (A (B (C (D))))) => ((A (B (C (D)))) (A (B (C (D))))) correct
(SWAP ((A B) (2 3) (foo bar))) => ((B A) (3 2) (bar foo)) correct
(SWAP NIL) => NIL correct
(SWAP (((A B) (2 3)) (foo bar) (NIL NIL))) => (((2 3) (A B)) (bar foo) (NIL NIL)) correct
