Username:  mcintym
Date:      Wed Feb 4 12:26:37 EST 2015
 
(SPLIT "  This is a string with iiidelimiters" "i ") => ("" "" "Th" "s" "" "s" "a" "str" "ng" "w" "th" "" "" "" "del" "m" "ters") correct
(SPLIT "This&&one&is&just for Louis&" "i &") => ("Th" "s" "" "one" "" "s" "just" "for" "Lou" "s" "") correct
(SPLIT "The next tests will see if you really tested yours!" " !") => ("The" "next" "tests" "will" "see" "if" "you" "really" "tested" "yours" "") correct
(SPLIT "" "i &") => ("") correct
(SPLIT "foobar" "") => ("foobar") correct
(SPLIT "" "") => ("") correct
(SPLIT "Woof, woof!" "Woof, woof!") => ("" "" "" "" "" "" "" "" "" "" "" "") correct
(NNUNION NIL NIL) => NIL correct
(NNUNION NIL (4)) => (4) correct
(NNUNION NIL (3)) => (3) correct
(NNUNION NIL (3 4)) => (3 4) correct
(NNUNION NIL (2)) => (2) correct
(NNUNION NIL (2 4)) => (2 4) correct
(NNUNION NIL (2 3)) => (2 3) correct
(NNUNION NIL (2 3 4)) => (2 3 4) correct
(NNUNION NIL (1)) => (1) correct
(NNUNION NIL (1 4)) => (1 4) correct
(NNUNION NIL (1 3)) => (1 3) correct
(NNUNION NIL (1 3 4)) => (1 3 4) correct
(NNUNION NIL (1 2)) => (1 2) correct
(NNUNION NIL (1 2 4)) => (1 2 4) correct
(NNUNION NIL (1 2 3)) => (1 2 3) correct
(NNUNION NIL (1 2 3 4)) => (1 2 3 4) correct
(NNUNION (4) NIL) => (4) correct
(NNUNION (4) (4)) => (4) correct
(NNUNION (4) (3)) => (3 4) correct
(NNUNION (4) (3 4)) => (3 4) correct
(NNUNION (4) (2)) => (2 4) correct
(NNUNION (4) (2 4)) => (2 4) correct
(NNUNION (4) (2 3)) => (2 3 4) correct
(NNUNION (4) (2 3 4)) => (2 3 4) correct
(NNUNION (4) (1)) => (1 4) correct
(NNUNION (4) (1 4)) => (1 4) correct
(NNUNION (4) (1 3)) => (1 3 4) correct
(NNUNION (4) (1 3 4)) => (1 3 4) correct
(NNUNION (4) (1 2)) => (1 2 4) correct
(NNUNION (4) (1 2 4)) => (1 2 4) correct
(NNUNION (4) (1 2 3)) => (1 2 3 4) correct
(NNUNION (4) (1 2 3 4)) => (1 2 3 4) correct
(NNUNION (3) NIL) => (3) correct
(NNUNION (3) (4)) => (4 3) correct
(NNUNION (3) (3)) => (3) correct
(NNUNION (3) (3 4)) => (3 4) correct
(NNUNION (3) (2)) => (2 3) correct
(NNUNION (3) (2 4)) => (2 4 3) correct
(NNUNION (3) (2 3)) => (2 3) correct
(NNUNION (3) (2 3 4)) => (2 3 4) correct
(NNUNION (3) (1)) => (1 3) correct
(NNUNION (3) (1 4)) => (1 4 3) correct
(NNUNION (3) (1 3)) => (1 3) correct
(NNUNION (3) (1 3 4)) => (1 3 4) correct
(NNUNION (3) (1 2)) => (1 2 3) correct
(NNUNION (3) (1 2 4)) => (1 2 4 3) correct
(NNUNION (3) (1 2 3)) => (1 2 3) correct
(NNUNION (3) (1 2 3 4)) => (1 2 3 4) correct
(NNUNION (3 4) NIL) => (3 4) correct
(NNUNION (3 4) (4)) => (3 4) correct
(NNUNION (3 4) (3)) => (3 4) correct
(NNUNION (3 4) (3 4)) => (3 4) correct
(NNUNION (3 4) (2)) => (3 2 4) correct
(NNUNION (3 4) (2 4)) => (3 2 4) correct
(NNUNION (3 4) (2 3)) => (2 3 4) correct
(NNUNION (3 4) (2 3 4)) => (2 3 4) correct
(NNUNION (3 4) (1)) => (3 1 4) correct
(NNUNION (3 4) (1 4)) => (3 1 4) correct
(NNUNION (3 4) (1 3)) => (1 3 4) correct
(NNUNION (3 4) (1 3 4)) => (1 3 4) correct
(NNUNION (3 4) (1 2)) => (3 1 2 4) correct
(NNUNION (3 4) (1 2 4)) => (3 1 2 4) correct
(NNUNION (3 4) (1 2 3)) => (1 2 3 4) correct
(NNUNION (3 4) (1 2 3 4)) => (1 2 3 4) correct
(NNUNION (2) NIL) => (2) correct
(NNUNION (2) (4)) => (4 2) correct
(NNUNION (2) (3)) => (3 2) correct
(NNUNION (2) (3 4)) => (3 4 2) correct
(NNUNION (2) (2)) => (2) correct
(NNUNION (2) (2 4)) => (2 4) correct
(NNUNION (2) (2 3)) => (2 3) correct
(NNUNION (2) (2 3 4)) => (2 3 4) correct
(NNUNION (2) (1)) => (1 2) correct
(NNUNION (2) (1 4)) => (1 4 2) correct
(NNUNION (2) (1 3)) => (1 3 2) correct
(NNUNION (2) (1 3 4)) => (1 3 4 2) correct
(NNUNION (2) (1 2)) => (1 2) correct
(NNUNION (2) (1 2 4)) => (1 2 4) correct
(NNUNION (2) (1 2 3)) => (1 2 3) correct
(NNUNION (2) (1 2 3 4)) => (1 2 3 4) correct
(NNUNION (2 4) NIL) => (2 4) correct
(NNUNION (2 4) (4)) => (2 4) correct
(NNUNION (2 4) (3)) => (2 3 4) correct
(NNUNION (2 4) (3 4)) => (2 3 4) correct
(NNUNION (2 4) (2)) => (2 4) correct
(NNUNION (2 4) (2 4)) => (2 4) correct
(NNUNION (2 4) (2 3)) => (2 3 4) correct
(NNUNION (2 4) (2 3 4)) => (2 3 4) correct
(NNUNION (2 4) (1)) => (2 1 4) correct
(NNUNION (2 4) (1 4)) => (2 1 4) correct
(NNUNION (2 4) (1 3)) => (2 1 3 4) correct
(NNUNION (2 4) (1 3 4)) => (2 1 3 4) correct
(NNUNION (2 4) (1 2)) => (1 2 4) correct
(NNUNION (2 4) (1 2 4)) => (1 2 4) correct
(NNUNION (2 4) (1 2 3)) => (1 2 3 4) correct
(NNUNION (2 4) (1 2 3 4)) => (1 2 3 4) correct
(NNUNION (2 3) NIL) => (2 3) correct
(NNUNION (2 3) (4)) => (2 4 3) correct
(NNUNION (2 3) (3)) => (2 3) correct
(NNUNION (2 3) (3 4)) => (2 3 4) correct
(NNUNION (2 3) (2)) => (2 3) correct
(NNUNION (2 3) (2 4)) => (2 4 3) correct
(NNUNION (2 3) (2 3)) => (2 3) correct
(NNUNION (2 3) (2 3 4)) => (2 3 4) correct
(NNUNION (2 3) (1)) => (2 1 3) correct
(NNUNION (2 3) (1 4)) => (2 1 4 3) correct
(NNUNION (2 3) (1 3)) => (2 1 3) correct
(NNUNION (2 3) (1 3 4)) => (2 1 3 4) correct
(NNUNION (2 3) (1 2)) => (1 2 3) correct
(NNUNION (2 3) (1 2 4)) => (1 2 4 3) correct
(NNUNION (2 3) (1 2 3)) => (1 2 3) correct
(NNUNION (2 3) (1 2 3 4)) => (1 2 3 4) correct
(NNUNION (2 3 4) NIL) => (2 3 4) correct
(NNUNION (2 3 4) (4)) => (2 3 4) correct
(NNUNION (2 3 4) (3)) => (2 3 4) correct
(NNUNION (2 3 4) (3 4)) => (2 3 4) correct
(NNUNION (2 3 4) (2)) => (3 2 4) correct
(NNUNION (2 3 4) (2 4)) => (3 2 4) correct
(NNUNION (2 3 4) (2 3)) => (2 3 4) correct
(NNUNION (2 3 4) (2 3 4)) => (2 3 4) correct
(NNUNION (2 3 4) (1)) => (2 3 1 4) correct
(NNUNION (2 3 4) (1 4)) => (2 3 1 4) correct
(NNUNION (2 3 4) (1 3)) => (2 1 3 4) correct
(NNUNION (2 3 4) (1 3 4)) => (2 1 3 4) correct
(NNUNION (2 3 4) (1 2)) => (3 1 2 4) correct
(NNUNION (2 3 4) (1 2 4)) => (3 1 2 4) correct
(NNUNION (2 3 4) (1 2 3)) => (1 2 3 4) correct
(NNUNION (2 3 4) (1 2 3 4)) => (1 2 3 4) correct
(NNUNION (1) NIL) => (1) correct
(NNUNION (1) (4)) => (4 1) correct
(NNUNION (1) (3)) => (3 1) correct
(NNUNION (1) (3 4)) => (3 4 1) correct
(NNUNION (1) (2)) => (2 1) correct
(NNUNION (1) (2 4)) => (2 4 1) correct
(NNUNION (1) (2 3)) => (2 3 1) correct
(NNUNION (1) (2 3 4)) => (2 3 4 1) correct
(NNUNION (1) (1)) => (1) correct
(NNUNION (1) (1 4)) => (1 4) correct
(NNUNION (1) (1 3)) => (1 3) correct
(NNUNION (1) (1 3 4)) => (1 3 4) correct
(NNUNION (1) (1 2)) => (1 2) correct
(NNUNION (1) (1 2 4)) => (1 2 4) correct
(NNUNION (1) (1 2 3)) => (1 2 3) correct
(NNUNION (1) (1 2 3 4)) => (1 2 3 4) correct
(NNUNION (1 4) NIL) => (1 4) correct
(NNUNION (1 4) (4)) => (1 4) correct
(NNUNION (1 4) (3)) => (1 3 4) correct
(NNUNION (1 4) (3 4)) => (1 3 4) correct
(NNUNION (1 4) (2)) => (1 2 4) correct
(NNUNION (1 4) (2 4)) => (1 2 4) correct
(NNUNION (1 4) (2 3)) => (1 2 3 4) correct
(NNUNION (1 4) (2 3 4)) => (1 2 3 4) correct
(NNUNION (1 4) (1)) => (1 4) correct
(NNUNION (1 4) (1 4)) => (1 4) correct
(NNUNION (1 4) (1 3)) => (1 3 4) correct
(NNUNION (1 4) (1 3 4)) => (1 3 4) correct
(NNUNION (1 4) (1 2)) => (1 2 4) correct
(NNUNION (1 4) (1 2 4)) => (1 2 4) correct
(NNUNION (1 4) (1 2 3)) => (1 2 3 4) correct
(NNUNION (1 4) (1 2 3 4)) => (1 2 3 4) correct
(NNUNION (1 3) NIL) => (1 3) correct
(NNUNION (1 3) (4)) => (1 4 3) correct
(NNUNION (1 3) (3)) => (1 3) correct
(NNUNION (1 3) (3 4)) => (1 3 4) correct
(NNUNION (1 3) (2)) => (1 2 3) correct
(NNUNION (1 3) (2 4)) => (1 2 4 3) correct
(NNUNION (1 3) (2 3)) => (1 2 3) correct
(NNUNION (1 3) (2 3 4)) => (1 2 3 4) correct
(NNUNION (1 3) (1)) => (1 3) correct
(NNUNION (1 3) (1 4)) => (1 4 3) correct
(NNUNION (1 3) (1 3)) => (1 3) correct
(NNUNION (1 3) (1 3 4)) => (1 3 4) correct
(NNUNION (1 3) (1 2)) => (1 2 3) correct
(NNUNION (1 3) (1 2 4)) => (1 2 4 3) correct
(NNUNION (1 3) (1 2 3)) => (1 2 3) correct
(NNUNION (1 3) (1 2 3 4)) => (1 2 3 4) correct
(NNUNION (1 3 4) NIL) => (1 3 4) correct
(NNUNION (1 3 4) (4)) => (1 3 4) correct
(NNUNION (1 3 4) (3)) => (1 3 4) correct
(NNUNION (1 3 4) (3 4)) => (1 3 4) correct
(NNUNION (1 3 4) (2)) => (1 3 2 4) correct
(NNUNION (1 3 4) (2 4)) => (1 3 2 4) correct
(NNUNION (1 3 4) (2 3)) => (1 2 3 4) correct
(NNUNION (1 3 4) (2 3 4)) => (1 2 3 4) correct
(NNUNION (1 3 4) (1)) => (3 1 4) correct
(NNUNION (1 3 4) (1 4)) => (3 1 4) correct
(NNUNION (1 3 4) (1 3)) => (1 3 4) correct
(NNUNION (1 3 4) (1 3 4)) => (1 3 4) correct
(NNUNION (1 3 4) (1 2)) => (3 1 2 4) correct
(NNUNION (1 3 4) (1 2 4)) => (3 1 2 4) correct
(NNUNION (1 3 4) (1 2 3)) => (1 2 3 4) correct
(NNUNION (1 3 4) (1 2 3 4)) => (1 2 3 4) correct
(NNUNION (1 2) NIL) => (1 2) correct
(NNUNION (1 2) (4)) => (1 4 2) correct
(NNUNION (1 2) (3)) => (1 3 2) correct
(NNUNION (1 2) (3 4)) => (1 3 4 2) correct
(NNUNION (1 2) (2)) => (1 2) correct
(NNUNION (1 2) (2 4)) => (1 2 4) correct
(NNUNION (1 2) (2 3)) => (1 2 3) correct
(NNUNION (1 2) (2 3 4)) => (1 2 3 4) correct
(NNUNION (1 2) (1)) => (1 2) correct
(NNUNION (1 2) (1 4)) => (1 4 2) correct
(NNUNION (1 2) (1 3)) => (1 3 2) correct
(NNUNION (1 2) (1 3 4)) => (1 3 4 2) correct
(NNUNION (1 2) (1 2)) => (1 2) correct
(NNUNION (1 2) (1 2 4)) => (1 2 4) correct
(NNUNION (1 2) (1 2 3)) => (1 2 3) correct
(NNUNION (1 2) (1 2 3 4)) => (1 2 3 4) correct
(NNUNION (1 2 4) NIL) => (1 2 4) correct
(NNUNION (1 2 4) (4)) => (1 2 4) correct
(NNUNION (1 2 4) (3)) => (1 2 3 4) correct
(NNUNION (1 2 4) (3 4)) => (1 2 3 4) correct
(NNUNION (1 2 4) (2)) => (1 2 4) correct
(NNUNION (1 2 4) (2 4)) => (1 2 4) correct
(NNUNION (1 2 4) (2 3)) => (1 2 3 4) correct
(NNUNION (1 2 4) (2 3 4)) => (1 2 3 4) correct
(NNUNION (1 2 4) (1)) => (2 1 4) correct
(NNUNION (1 2 4) (1 4)) => (2 1 4) correct
(NNUNION (1 2 4) (1 3)) => (2 1 3 4) correct
(NNUNION (1 2 4) (1 3 4)) => (2 1 3 4) correct
(NNUNION (1 2 4) (1 2)) => (1 2 4) correct
(NNUNION (1 2 4) (1 2 4)) => (1 2 4) correct
(NNUNION (1 2 4) (1 2 3)) => (1 2 3 4) correct
(NNUNION (1 2 4) (1 2 3 4)) => (1 2 3 4) correct
(NNUNION (1 2 3) NIL) => (1 2 3) correct
(NNUNION (1 2 3) (4)) => (1 2 4 3) correct
(NNUNION (1 2 3) (3)) => (1 2 3) correct
(NNUNION (1 2 3) (3 4)) => (1 2 3 4) correct
(NNUNION (1 2 3) (2)) => (1 2 3) correct
(NNUNION (1 2 3) (2 4)) => (1 2 4 3) correct
(NNUNION (1 2 3) (2 3)) => (1 2 3) correct
(NNUNION (1 2 3) (2 3 4)) => (1 2 3 4) correct
(NNUNION (1 2 3) (1)) => (2 1 3) correct
(NNUNION (1 2 3) (1 4)) => (2 1 4 3) correct
(NNUNION (1 2 3) (1 3)) => (2 1 3) correct
(NNUNION (1 2 3) (1 3 4)) => (2 1 3 4) correct
(NNUNION (1 2 3) (1 2)) => (1 2 3) correct
(NNUNION (1 2 3) (1 2 4)) => (1 2 4 3) correct
(NNUNION (1 2 3) (1 2 3)) => (1 2 3) correct
(NNUNION (1 2 3) (1 2 3 4)) => (1 2 3 4) correct
(NNUNION (1 2 3 4) NIL) => (1 2 3 4) correct
(NNUNION (1 2 3 4) (4)) => (1 2 3 4) correct
(NNUNION (1 2 3 4) (3)) => (1 2 3 4) correct
(NNUNION (1 2 3 4) (3 4)) => (1 2 3 4) correct
(NNUNION (1 2 3 4) (2)) => (1 3 2 4) correct
(NNUNION (1 2 3 4) (2 4)) => (1 3 2 4) correct
(NNUNION (1 2 3 4) (2 3)) => (1 2 3 4) correct
(NNUNION (1 2 3 4) (2 3 4)) => (1 2 3 4) correct
(NNUNION (1 2 3 4) (1)) => (2 3 1 4) correct
(NNUNION (1 2 3 4) (1 4)) => (2 3 1 4) correct
(NNUNION (1 2 3 4) (1 3)) => (2 1 3 4) correct
(NNUNION (1 2 3 4) (1 3 4)) => (2 1 3 4) correct
(NNUNION (1 2 3 4) (1 2)) => (3 1 2 4) correct
(NNUNION (1 2 3 4) (1 2 4)) => (3 1 2 4) correct
(NNUNION (1 2 3 4) (1 2 3)) => (1 2 3 4) correct
(NNUNION (1 2 3 4) (1 2 3 4)) => (1 2 3 4) correct
(NNINTERSECTION NIL NIL) => NIL correct
(NNINTERSECTION NIL (4)) => NIL correct
(NNINTERSECTION NIL (3)) => NIL correct
(NNINTERSECTION NIL (3 4)) => NIL correct
(NNINTERSECTION NIL (2)) => NIL correct
(NNINTERSECTION NIL (2 4)) => NIL correct
(NNINTERSECTION NIL (2 3)) => NIL correct
(NNINTERSECTION NIL (2 3 4)) => NIL correct
(NNINTERSECTION NIL (1)) => NIL correct
(NNINTERSECTION NIL (1 4)) => NIL correct
(NNINTERSECTION NIL (1 3)) => NIL correct
(NNINTERSECTION NIL (1 3 4)) => NIL correct
(NNINTERSECTION NIL (1 2)) => NIL correct
(NNINTERSECTION NIL (1 2 4)) => NIL correct
(NNINTERSECTION NIL (1 2 3)) => NIL correct
(NNINTERSECTION NIL (1 2 3 4)) => NIL correct
(NNINTERSECTION (4) NIL) => NIL correct
(NNINTERSECTION (4) (4)) => (4) correct
(NNINTERSECTION (4) (3)) => NIL correct
(NNINTERSECTION (4) (3 4)) => (4) correct
(NNINTERSECTION (4) (2)) => NIL correct
(NNINTERSECTION (4) (2 4)) => (4) correct
(NNINTERSECTION (4) (2 3)) => NIL correct
(NNINTERSECTION (4) (2 3 4)) => (4) correct
(NNINTERSECTION (4) (1)) => NIL correct
(NNINTERSECTION (4) (1 4)) => (4) correct
(NNINTERSECTION (4) (1 3)) => NIL correct
(NNINTERSECTION (4) (1 3 4)) => (4) correct
(NNINTERSECTION (4) (1 2)) => NIL correct
(NNINTERSECTION (4) (1 2 4)) => (4) correct
(NNINTERSECTION (4) (1 2 3)) => NIL correct
(NNINTERSECTION (4) (1 2 3 4)) => (4) correct
(NNINTERSECTION (3) NIL) => NIL correct
(NNINTERSECTION (3) (4)) => NIL correct
(NNINTERSECTION (3) (3)) => (3) correct
(NNINTERSECTION (3) (3 4)) => (3) correct
(NNINTERSECTION (3) (2)) => NIL correct
(NNINTERSECTION (3) (2 4)) => NIL correct
(NNINTERSECTION (3) (2 3)) => (3) correct
(NNINTERSECTION (3) (2 3 4)) => (3) correct
(NNINTERSECTION (3) (1)) => NIL correct
(NNINTERSECTION (3) (1 4)) => NIL correct
(NNINTERSECTION (3) (1 3)) => (3) correct
(NNINTERSECTION (3) (1 3 4)) => (3) correct
(NNINTERSECTION (3) (1 2)) => NIL correct
(NNINTERSECTION (3) (1 2 4)) => NIL correct
(NNINTERSECTION (3) (1 2 3)) => (3) correct
(NNINTERSECTION (3) (1 2 3 4)) => (3) correct
(NNINTERSECTION (3 4) NIL) => NIL correct
(NNINTERSECTION (3 4) (4)) => (4) correct
(NNINTERSECTION (3 4) (3)) => (3) correct
(NNINTERSECTION (3 4) (3 4)) => (3 4) correct
(NNINTERSECTION (3 4) (2)) => NIL correct
(NNINTERSECTION (3 4) (2 4)) => (4) correct
(NNINTERSECTION (3 4) (2 3)) => (3) correct
(NNINTERSECTION (3 4) (2 3 4)) => (3 4) correct
(NNINTERSECTION (3 4) (1)) => NIL correct
(NNINTERSECTION (3 4) (1 4)) => (4) correct
(NNINTERSECTION (3 4) (1 3)) => (3) correct
(NNINTERSECTION (3 4) (1 3 4)) => (3 4) correct
(NNINTERSECTION (3 4) (1 2)) => NIL correct
(NNINTERSECTION (3 4) (1 2 4)) => (4) correct
(NNINTERSECTION (3 4) (1 2 3)) => (3) correct
(NNINTERSECTION (3 4) (1 2 3 4)) => (3 4) correct
(NNINTERSECTION (2) NIL) => NIL correct
(NNINTERSECTION (2) (4)) => NIL correct
(NNINTERSECTION (2) (3)) => NIL correct
(NNINTERSECTION (2) (3 4)) => NIL correct
(NNINTERSECTION (2) (2)) => (2) correct
(NNINTERSECTION (2) (2 4)) => (2) correct
(NNINTERSECTION (2) (2 3)) => (2) correct
(NNINTERSECTION (2) (2 3 4)) => (2) correct
(NNINTERSECTION (2) (1)) => NIL correct
(NNINTERSECTION (2) (1 4)) => NIL correct
(NNINTERSECTION (2) (1 3)) => NIL correct
(NNINTERSECTION (2) (1 3 4)) => NIL correct
(NNINTERSECTION (2) (1 2)) => (2) correct
(NNINTERSECTION (2) (1 2 4)) => (2) correct
(NNINTERSECTION (2) (1 2 3)) => (2) correct
(NNINTERSECTION (2) (1 2 3 4)) => (2) correct
(NNINTERSECTION (2 4) NIL) => NIL correct
(NNINTERSECTION (2 4) (4)) => (4) correct
(NNINTERSECTION (2 4) (3)) => NIL correct
(NNINTERSECTION (2 4) (3 4)) => (4) correct
(NNINTERSECTION (2 4) (2)) => (2) correct
(NNINTERSECTION (2 4) (2 4)) => (2 4) correct
(NNINTERSECTION (2 4) (2 3)) => (2) correct
(NNINTERSECTION (2 4) (2 3 4)) => (2 4) correct
(NNINTERSECTION (2 4) (1)) => NIL correct
(NNINTERSECTION (2 4) (1 4)) => (4) correct
(NNINTERSECTION (2 4) (1 3)) => NIL correct
(NNINTERSECTION (2 4) (1 3 4)) => (4) correct
(NNINTERSECTION (2 4) (1 2)) => (2) correct
(NNINTERSECTION (2 4) (1 2 4)) => (2 4) correct
(NNINTERSECTION (2 4) (1 2 3)) => (2) correct
(NNINTERSECTION (2 4) (1 2 3 4)) => (2 4) correct
(NNINTERSECTION (2 3) NIL) => NIL correct
(NNINTERSECTION (2 3) (4)) => NIL correct
(NNINTERSECTION (2 3) (3)) => (3) correct
(NNINTERSECTION (2 3) (3 4)) => (3) correct
(NNINTERSECTION (2 3) (2)) => (2) correct
(NNINTERSECTION (2 3) (2 4)) => (2) correct
(NNINTERSECTION (2 3) (2 3)) => (2 3) correct
(NNINTERSECTION (2 3) (2 3 4)) => (2 3) correct
(NNINTERSECTION (2 3) (1)) => NIL correct
(NNINTERSECTION (2 3) (1 4)) => NIL correct
(NNINTERSECTION (2 3) (1 3)) => (3) correct
(NNINTERSECTION (2 3) (1 3 4)) => (3) correct
(NNINTERSECTION (2 3) (1 2)) => (2) correct
(NNINTERSECTION (2 3) (1 2 4)) => (2) correct
(NNINTERSECTION (2 3) (1 2 3)) => (2 3) correct
(NNINTERSECTION (2 3) (1 2 3 4)) => (2 3) correct
(NNINTERSECTION (2 3 4) NIL) => NIL correct
(NNINTERSECTION (2 3 4) (4)) => (4) correct
(NNINTERSECTION (2 3 4) (3)) => (3) correct
(NNINTERSECTION (2 3 4) (3 4)) => (3 4) correct
(NNINTERSECTION (2 3 4) (2)) => (2) correct
(NNINTERSECTION (2 3 4) (2 4)) => (2 4) correct
(NNINTERSECTION (2 3 4) (2 3)) => (2 3) correct
(NNINTERSECTION (2 3 4) (2 3 4)) => (2 3 4) correct
(NNINTERSECTION (2 3 4) (1)) => NIL correct
(NNINTERSECTION (2 3 4) (1 4)) => (4) correct
(NNINTERSECTION (2 3 4) (1 3)) => (3) correct
(NNINTERSECTION (2 3 4) (1 3 4)) => (3 4) correct
(NNINTERSECTION (2 3 4) (1 2)) => (2) correct
(NNINTERSECTION (2 3 4) (1 2 4)) => (2 4) correct
(NNINTERSECTION (2 3 4) (1 2 3)) => (2 3) correct
(NNINTERSECTION (2 3 4) (1 2 3 4)) => (2 3 4) correct
(NNINTERSECTION (1) NIL) => NIL correct
(NNINTERSECTION (1) (4)) => NIL correct
(NNINTERSECTION (1) (3)) => NIL correct
(NNINTERSECTION (1) (3 4)) => NIL correct
(NNINTERSECTION (1) (2)) => NIL correct
(NNINTERSECTION (1) (2 4)) => NIL correct
(NNINTERSECTION (1) (2 3)) => NIL correct
(NNINTERSECTION (1) (2 3 4)) => NIL correct
(NNINTERSECTION (1) (1)) => (1) correct
(NNINTERSECTION (1) (1 4)) => (1) correct
(NNINTERSECTION (1) (1 3)) => (1) correct
(NNINTERSECTION (1) (1 3 4)) => (1) correct
(NNINTERSECTION (1) (1 2)) => (1) correct
(NNINTERSECTION (1) (1 2 4)) => (1) correct
(NNINTERSECTION (1) (1 2 3)) => (1) correct
(NNINTERSECTION (1) (1 2 3 4)) => (1) correct
(NNINTERSECTION (1 4) NIL) => NIL correct
(NNINTERSECTION (1 4) (4)) => (4) correct
(NNINTERSECTION (1 4) (3)) => NIL correct
(NNINTERSECTION (1 4) (3 4)) => (4) correct
(NNINTERSECTION (1 4) (2)) => NIL correct
(NNINTERSECTION (1 4) (2 4)) => (4) correct
(NNINTERSECTION (1 4) (2 3)) => NIL correct
(NNINTERSECTION (1 4) (2 3 4)) => (4) correct
(NNINTERSECTION (1 4) (1)) => (1) correct
(NNINTERSECTION (1 4) (1 4)) => (1 4) correct
(NNINTERSECTION (1 4) (1 3)) => (1) correct
(NNINTERSECTION (1 4) (1 3 4)) => (1 4) correct
(NNINTERSECTION (1 4) (1 2)) => (1) correct
(NNINTERSECTION (1 4) (1 2 4)) => (1 4) correct
(NNINTERSECTION (1 4) (1 2 3)) => (1) correct
(NNINTERSECTION (1 4) (1 2 3 4)) => (1 4) correct
(NNINTERSECTION (1 3) NIL) => NIL correct
(NNINTERSECTION (1 3) (4)) => NIL correct
(NNINTERSECTION (1 3) (3)) => (3) correct
(NNINTERSECTION (1 3) (3 4)) => (3) correct
(NNINTERSECTION (1 3) (2)) => NIL correct
(NNINTERSECTION (1 3) (2 4)) => NIL correct
(NNINTERSECTION (1 3) (2 3)) => (3) correct
(NNINTERSECTION (1 3) (2 3 4)) => (3) correct
(NNINTERSECTION (1 3) (1)) => (1) correct
(NNINTERSECTION (1 3) (1 4)) => (1) correct
(NNINTERSECTION (1 3) (1 3)) => (1 3) correct
(NNINTERSECTION (1 3) (1 3 4)) => (1 3) correct
(NNINTERSECTION (1 3) (1 2)) => (1) correct
(NNINTERSECTION (1 3) (1 2 4)) => (1) correct
(NNINTERSECTION (1 3) (1 2 3)) => (1 3) correct
(NNINTERSECTION (1 3) (1 2 3 4)) => (1 3) correct
(NNINTERSECTION (1 3 4) NIL) => NIL correct
(NNINTERSECTION (1 3 4) (4)) => (4) correct
(NNINTERSECTION (1 3 4) (3)) => (3) correct
(NNINTERSECTION (1 3 4) (3 4)) => (3 4) correct
(NNINTERSECTION (1 3 4) (2)) => NIL correct
(NNINTERSECTION (1 3 4) (2 4)) => (4) correct
(NNINTERSECTION (1 3 4) (2 3)) => (3) correct
(NNINTERSECTION (1 3 4) (2 3 4)) => (3 4) correct
(NNINTERSECTION (1 3 4) (1)) => (1) correct
(NNINTERSECTION (1 3 4) (1 4)) => (1 4) correct
(NNINTERSECTION (1 3 4) (1 3)) => (1 3) correct
(NNINTERSECTION (1 3 4) (1 3 4)) => (1 3 4) correct
(NNINTERSECTION (1 3 4) (1 2)) => (1) correct
(NNINTERSECTION (1 3 4) (1 2 4)) => (1 4) correct
(NNINTERSECTION (1 3 4) (1 2 3)) => (1 3) correct
(NNINTERSECTION (1 3 4) (1 2 3 4)) => (1 3 4) correct
(NNINTERSECTION (1 2) NIL) => NIL correct
(NNINTERSECTION (1 2) (4)) => NIL correct
(NNINTERSECTION (1 2) (3)) => NIL correct
(NNINTERSECTION (1 2) (3 4)) => NIL correct
(NNINTERSECTION (1 2) (2)) => (2) correct
(NNINTERSECTION (1 2) (2 4)) => (2) correct
(NNINTERSECTION (1 2) (2 3)) => (2) correct
(NNINTERSECTION (1 2) (2 3 4)) => (2) correct
(NNINTERSECTION (1 2) (1)) => (1) correct
(NNINTERSECTION (1 2) (1 4)) => (1) correct
(NNINTERSECTION (1 2) (1 3)) => (1) correct
(NNINTERSECTION (1 2) (1 3 4)) => (1) correct
(NNINTERSECTION (1 2) (1 2)) => (1 2) correct
(NNINTERSECTION (1 2) (1 2 4)) => (1 2) correct
(NNINTERSECTION (1 2) (1 2 3)) => (1 2) correct
(NNINTERSECTION (1 2) (1 2 3 4)) => (1 2) correct
(NNINTERSECTION (1 2 4) NIL) => NIL correct
(NNINTERSECTION (1 2 4) (4)) => (4) correct
(NNINTERSECTION (1 2 4) (3)) => NIL correct
(NNINTERSECTION (1 2 4) (3 4)) => (4) correct
(NNINTERSECTION (1 2 4) (2)) => (2) correct
(NNINTERSECTION (1 2 4) (2 4)) => (2 4) correct
(NNINTERSECTION (1 2 4) (2 3)) => (2) correct
(NNINTERSECTION (1 2 4) (2 3 4)) => (2 4) correct
(NNINTERSECTION (1 2 4) (1)) => (1) correct
(NNINTERSECTION (1 2 4) (1 4)) => (1 4) correct
(NNINTERSECTION (1 2 4) (1 3)) => (1) correct
(NNINTERSECTION (1 2 4) (1 3 4)) => (1 4) correct
(NNINTERSECTION (1 2 4) (1 2)) => (1 2) correct
(NNINTERSECTION (1 2 4) (1 2 4)) => (1 2 4) correct
(NNINTERSECTION (1 2 4) (1 2 3)) => (1 2) correct
(NNINTERSECTION (1 2 4) (1 2 3 4)) => (1 2 4) correct
(NNINTERSECTION (1 2 3) NIL) => NIL correct
(NNINTERSECTION (1 2 3) (4)) => NIL correct
(NNINTERSECTION (1 2 3) (3)) => (3) correct
(NNINTERSECTION (1 2 3) (3 4)) => (3) correct
(NNINTERSECTION (1 2 3) (2)) => (2) correct
(NNINTERSECTION (1 2 3) (2 4)) => (2) correct
(NNINTERSECTION (1 2 3) (2 3)) => (2 3) correct
(NNINTERSECTION (1 2 3) (2 3 4)) => (2 3) correct
(NNINTERSECTION (1 2 3) (1)) => (1) correct
(NNINTERSECTION (1 2 3) (1 4)) => (1) correct
(NNINTERSECTION (1 2 3) (1 3)) => (1 3) correct
(NNINTERSECTION (1 2 3) (1 3 4)) => (1 3) correct
(NNINTERSECTION (1 2 3) (1 2)) => (1 2) correct
(NNINTERSECTION (1 2 3) (1 2 4)) => (1 2) correct
(NNINTERSECTION (1 2 3) (1 2 3)) => (1 2 3) correct
(NNINTERSECTION (1 2 3) (1 2 3 4)) => (1 2 3) correct
(NNINTERSECTION (1 2 3 4) NIL) => NIL correct
(NNINTERSECTION (1 2 3 4) (4)) => (4) correct
(NNINTERSECTION (1 2 3 4) (3)) => (3) correct
(NNINTERSECTION (1 2 3 4) (3 4)) => (3 4) correct
(NNINTERSECTION (1 2 3 4) (2)) => (2) correct
(NNINTERSECTION (1 2 3 4) (2 4)) => (2 4) correct
(NNINTERSECTION (1 2 3 4) (2 3)) => (2 3) correct
(NNINTERSECTION (1 2 3 4) (2 3 4)) => (2 3 4) correct
(NNINTERSECTION (1 2 3 4) (1)) => (1) correct
(NNINTERSECTION (1 2 3 4) (1 4)) => (1 4) correct
(NNINTERSECTION (1 2 3 4) (1 3)) => (1 3) correct
(NNINTERSECTION (1 2 3 4) (1 3 4)) => (1 3 4) correct
(NNINTERSECTION (1 2 3 4) (1 2)) => (1 2) correct
(NNINTERSECTION (1 2 3 4) (1 2 4)) => (1 2 4) correct
(NNINTERSECTION (1 2 3 4) (1 2 3)) => (1 2 3) correct
(NNINTERSECTION (1 2 3 4) (1 2 3 4)) => (1 2 3 4) correct
(NNDIFFERENCE NIL NIL) => NIL correct
(NNDIFFERENCE NIL (4)) => NIL correct
(NNDIFFERENCE NIL (3)) => NIL correct
(NNDIFFERENCE NIL (3 4)) => NIL correct
(NNDIFFERENCE NIL (2)) => NIL correct
(NNDIFFERENCE NIL (2 4)) => NIL correct
(NNDIFFERENCE NIL (2 3)) => NIL correct
(NNDIFFERENCE NIL (2 3 4)) => NIL correct
(NNDIFFERENCE NIL (1)) => NIL correct
(NNDIFFERENCE NIL (1 4)) => NIL correct
(NNDIFFERENCE NIL (1 3)) => NIL correct
(NNDIFFERENCE NIL (1 3 4)) => NIL correct
(NNDIFFERENCE NIL (1 2)) => NIL correct
(NNDIFFERENCE NIL (1 2 4)) => NIL correct
(NNDIFFERENCE NIL (1 2 3)) => NIL correct
(NNDIFFERENCE NIL (1 2 3 4)) => NIL correct
(NNDIFFERENCE (4) NIL) => (4) correct
(NNDIFFERENCE (4) (4)) => NIL correct
(NNDIFFERENCE (4) (3)) => (4) correct
(NNDIFFERENCE (4) (3 4)) => NIL correct
(NNDIFFERENCE (4) (2)) => (4) correct
(NNDIFFERENCE (4) (2 4)) => NIL correct
(NNDIFFERENCE (4) (2 3)) => (4) correct
(NNDIFFERENCE (4) (2 3 4)) => NIL correct
(NNDIFFERENCE (4) (1)) => (4) correct
(NNDIFFERENCE (4) (1 4)) => NIL correct
(NNDIFFERENCE (4) (1 3)) => (4) correct
(NNDIFFERENCE (4) (1 3 4)) => NIL correct
(NNDIFFERENCE (4) (1 2)) => (4) correct
(NNDIFFERENCE (4) (1 2 4)) => NIL correct
(NNDIFFERENCE (4) (1 2 3)) => (4) correct
(NNDIFFERENCE (4) (1 2 3 4)) => NIL correct
(NNDIFFERENCE (3) NIL) => (3) correct
(NNDIFFERENCE (3) (4)) => (3) correct
(NNDIFFERENCE (3) (3)) => NIL correct
(NNDIFFERENCE (3) (3 4)) => NIL correct
(NNDIFFERENCE (3) (2)) => (3) correct
(NNDIFFERENCE (3) (2 4)) => (3) correct
(NNDIFFERENCE (3) (2 3)) => NIL correct
(NNDIFFERENCE (3) (2 3 4)) => NIL correct
(NNDIFFERENCE (3) (1)) => (3) correct
(NNDIFFERENCE (3) (1 4)) => (3) correct
(NNDIFFERENCE (3) (1 3)) => NIL correct
(NNDIFFERENCE (3) (1 3 4)) => NIL correct
(NNDIFFERENCE (3) (1 2)) => (3) correct
(NNDIFFERENCE (3) (1 2 4)) => (3) correct
(NNDIFFERENCE (3) (1 2 3)) => NIL correct
(NNDIFFERENCE (3) (1 2 3 4)) => NIL correct
(NNDIFFERENCE (3 4) NIL) => (3 4) correct
(NNDIFFERENCE (3 4) (4)) => (3) correct
(NNDIFFERENCE (3 4) (3)) => (4) correct
(NNDIFFERENCE (3 4) (3 4)) => NIL correct
(NNDIFFERENCE (3 4) (2)) => (3 4) correct
(NNDIFFERENCE (3 4) (2 4)) => (3) correct
(NNDIFFERENCE (3 4) (2 3)) => (4) correct
(NNDIFFERENCE (3 4) (2 3 4)) => NIL correct
(NNDIFFERENCE (3 4) (1)) => (3 4) correct
(NNDIFFERENCE (3 4) (1 4)) => (3) correct
(NNDIFFERENCE (3 4) (1 3)) => (4) correct
(NNDIFFERENCE (3 4) (1 3 4)) => NIL correct
(NNDIFFERENCE (3 4) (1 2)) => (3 4) correct
(NNDIFFERENCE (3 4) (1 2 4)) => (3) correct
(NNDIFFERENCE (3 4) (1 2 3)) => (4) correct
(NNDIFFERENCE (3 4) (1 2 3 4)) => NIL correct
(NNDIFFERENCE (2) NIL) => (2) correct
(NNDIFFERENCE (2) (4)) => (2) correct
(NNDIFFERENCE (2) (3)) => (2) correct
(NNDIFFERENCE (2) (3 4)) => (2) correct
(NNDIFFERENCE (2) (2)) => NIL correct
(NNDIFFERENCE (2) (2 4)) => NIL correct
(NNDIFFERENCE (2) (2 3)) => NIL correct
(NNDIFFERENCE (2) (2 3 4)) => NIL correct
(NNDIFFERENCE (2) (1)) => (2) correct
(NNDIFFERENCE (2) (1 4)) => (2) correct
(NNDIFFERENCE (2) (1 3)) => (2) correct
(NNDIFFERENCE (2) (1 3 4)) => (2) correct
(NNDIFFERENCE (2) (1 2)) => NIL correct
(NNDIFFERENCE (2) (1 2 4)) => NIL correct
(NNDIFFERENCE (2) (1 2 3)) => NIL correct
(NNDIFFERENCE (2) (1 2 3 4)) => NIL correct
(NNDIFFERENCE (2 4) NIL) => (2 4) correct
(NNDIFFERENCE (2 4) (4)) => (2) correct
(NNDIFFERENCE (2 4) (3)) => (2 4) correct
(NNDIFFERENCE (2 4) (3 4)) => (2) correct
(NNDIFFERENCE (2 4) (2)) => (4) correct
(NNDIFFERENCE (2 4) (2 4)) => NIL correct
(NNDIFFERENCE (2 4) (2 3)) => (4) correct
(NNDIFFERENCE (2 4) (2 3 4)) => NIL correct
(NNDIFFERENCE (2 4) (1)) => (2 4) correct
(NNDIFFERENCE (2 4) (1 4)) => (2) correct
(NNDIFFERENCE (2 4) (1 3)) => (2 4) correct
(NNDIFFERENCE (2 4) (1 3 4)) => (2) correct
(NNDIFFERENCE (2 4) (1 2)) => (4) correct
(NNDIFFERENCE (2 4) (1 2 4)) => NIL correct
(NNDIFFERENCE (2 4) (1 2 3)) => (4) correct
(NNDIFFERENCE (2 4) (1 2 3 4)) => NIL correct
(NNDIFFERENCE (2 3) NIL) => (2 3) correct
(NNDIFFERENCE (2 3) (4)) => (2 3) correct
(NNDIFFERENCE (2 3) (3)) => (2) correct
(NNDIFFERENCE (2 3) (3 4)) => (2) correct
(NNDIFFERENCE (2 3) (2)) => (3) correct
(NNDIFFERENCE (2 3) (2 4)) => (3) correct
(NNDIFFERENCE (2 3) (2 3)) => NIL correct
(NNDIFFERENCE (2 3) (2 3 4)) => NIL correct
(NNDIFFERENCE (2 3) (1)) => (2 3) correct
(NNDIFFERENCE (2 3) (1 4)) => (2 3) correct
(NNDIFFERENCE (2 3) (1 3)) => (2) correct
(NNDIFFERENCE (2 3) (1 3 4)) => (2) correct
(NNDIFFERENCE (2 3) (1 2)) => (3) correct
(NNDIFFERENCE (2 3) (1 2 4)) => (3) correct
(NNDIFFERENCE (2 3) (1 2 3)) => NIL correct
(NNDIFFERENCE (2 3) (1 2 3 4)) => NIL correct
(NNDIFFERENCE (2 3 4) NIL) => (2 3 4) correct
(NNDIFFERENCE (2 3 4) (4)) => (2 3) correct
(NNDIFFERENCE (2 3 4) (3)) => (2 4) correct
(NNDIFFERENCE (2 3 4) (3 4)) => (2) correct
(NNDIFFERENCE (2 3 4) (2)) => (3 4) correct
(NNDIFFERENCE (2 3 4) (2 4)) => (3) correct
(NNDIFFERENCE (2 3 4) (2 3)) => (4) correct
(NNDIFFERENCE (2 3 4) (2 3 4)) => NIL correct
(NNDIFFERENCE (2 3 4) (1)) => (2 3 4) correct
(NNDIFFERENCE (2 3 4) (1 4)) => (2 3) correct
(NNDIFFERENCE (2 3 4) (1 3)) => (2 4) correct
(NNDIFFERENCE (2 3 4) (1 3 4)) => (2) correct
(NNDIFFERENCE (2 3 4) (1 2)) => (3 4) correct
(NNDIFFERENCE (2 3 4) (1 2 4)) => (3) correct
(NNDIFFERENCE (2 3 4) (1 2 3)) => (4) correct
(NNDIFFERENCE (2 3 4) (1 2 3 4)) => NIL correct
(NNDIFFERENCE (1) NIL) => (1) correct
(NNDIFFERENCE (1) (4)) => (1) correct
(NNDIFFERENCE (1) (3)) => (1) correct
(NNDIFFERENCE (1) (3 4)) => (1) correct
(NNDIFFERENCE (1) (2)) => (1) correct
(NNDIFFERENCE (1) (2 4)) => (1) correct
(NNDIFFERENCE (1) (2 3)) => (1) correct
(NNDIFFERENCE (1) (2 3 4)) => (1) correct
(NNDIFFERENCE (1) (1)) => NIL correct
(NNDIFFERENCE (1) (1 4)) => NIL correct
(NNDIFFERENCE (1) (1 3)) => NIL correct
(NNDIFFERENCE (1) (1 3 4)) => NIL correct
(NNDIFFERENCE (1) (1 2)) => NIL correct
(NNDIFFERENCE (1) (1 2 4)) => NIL correct
(NNDIFFERENCE (1) (1 2 3)) => NIL correct
(NNDIFFERENCE (1) (1 2 3 4)) => NIL correct
(NNDIFFERENCE (1 4) NIL) => (1 4) correct
(NNDIFFERENCE (1 4) (4)) => (1) correct
(NNDIFFERENCE (1 4) (3)) => (1 4) correct
(NNDIFFERENCE (1 4) (3 4)) => (1) correct
(NNDIFFERENCE (1 4) (2)) => (1 4) correct
(NNDIFFERENCE (1 4) (2 4)) => (1) correct
(NNDIFFERENCE (1 4) (2 3)) => (1 4) correct
(NNDIFFERENCE (1 4) (2 3 4)) => (1) correct
(NNDIFFERENCE (1 4) (1)) => (4) correct
(NNDIFFERENCE (1 4) (1 4)) => NIL correct
(NNDIFFERENCE (1 4) (1 3)) => (4) correct
(NNDIFFERENCE (1 4) (1 3 4)) => NIL correct
(NNDIFFERENCE (1 4) (1 2)) => (4) correct
(NNDIFFERENCE (1 4) (1 2 4)) => NIL correct
(NNDIFFERENCE (1 4) (1 2 3)) => (4) correct
(NNDIFFERENCE (1 4) (1 2 3 4)) => NIL correct
(NNDIFFERENCE (1 3) NIL) => (1 3) correct
(NNDIFFERENCE (1 3) (4)) => (1 3) correct
(NNDIFFERENCE (1 3) (3)) => (1) correct
(NNDIFFERENCE (1 3) (3 4)) => (1) correct
(NNDIFFERENCE (1 3) (2)) => (1 3) correct
(NNDIFFERENCE (1 3) (2 4)) => (1 3) correct
(NNDIFFERENCE (1 3) (2 3)) => (1) correct
(NNDIFFERENCE (1 3) (2 3 4)) => (1) correct
(NNDIFFERENCE (1 3) (1)) => (3) correct
(NNDIFFERENCE (1 3) (1 4)) => (3) correct
(NNDIFFERENCE (1 3) (1 3)) => NIL correct
(NNDIFFERENCE (1 3) (1 3 4)) => NIL correct
(NNDIFFERENCE (1 3) (1 2)) => (3) correct
(NNDIFFERENCE (1 3) (1 2 4)) => (3) correct
(NNDIFFERENCE (1 3) (1 2 3)) => NIL correct
(NNDIFFERENCE (1 3) (1 2 3 4)) => NIL correct
(NNDIFFERENCE (1 3 4) NIL) => (1 3 4) correct
(NNDIFFERENCE (1 3 4) (4)) => (1 3) correct
(NNDIFFERENCE (1 3 4) (3)) => (1 4) correct
(NNDIFFERENCE (1 3 4) (3 4)) => (1) correct
(NNDIFFERENCE (1 3 4) (2)) => (1 3 4) correct
(NNDIFFERENCE (1 3 4) (2 4)) => (1 3) correct
(NNDIFFERENCE (1 3 4) (2 3)) => (1 4) correct
(NNDIFFERENCE (1 3 4) (2 3 4)) => (1) correct
(NNDIFFERENCE (1 3 4) (1)) => (3 4) correct
(NNDIFFERENCE (1 3 4) (1 4)) => (3) correct
(NNDIFFERENCE (1 3 4) (1 3)) => (4) correct
(NNDIFFERENCE (1 3 4) (1 3 4)) => NIL correct
(NNDIFFERENCE (1 3 4) (1 2)) => (3 4) correct
(NNDIFFERENCE (1 3 4) (1 2 4)) => (3) correct
(NNDIFFERENCE (1 3 4) (1 2 3)) => (4) correct
(NNDIFFERENCE (1 3 4) (1 2 3 4)) => NIL correct
(NNDIFFERENCE (1 2) NIL) => (1 2) correct
(NNDIFFERENCE (1 2) (4)) => (1 2) correct
(NNDIFFERENCE (1 2) (3)) => (1 2) correct
(NNDIFFERENCE (1 2) (3 4)) => (1 2) correct
(NNDIFFERENCE (1 2) (2)) => (1) correct
(NNDIFFERENCE (1 2) (2 4)) => (1) correct
(NNDIFFERENCE (1 2) (2 3)) => (1) correct
(NNDIFFERENCE (1 2) (2 3 4)) => (1) correct
(NNDIFFERENCE (1 2) (1)) => (2) correct
(NNDIFFERENCE (1 2) (1 4)) => (2) correct
(NNDIFFERENCE (1 2) (1 3)) => (2) correct
(NNDIFFERENCE (1 2) (1 3 4)) => (2) correct
(NNDIFFERENCE (1 2) (1 2)) => NIL correct
(NNDIFFERENCE (1 2) (1 2 4)) => NIL correct
(NNDIFFERENCE (1 2) (1 2 3)) => NIL correct
(NNDIFFERENCE (1 2) (1 2 3 4)) => NIL correct
(NNDIFFERENCE (1 2 4) NIL) => (1 2 4) correct
(NNDIFFERENCE (1 2 4) (4)) => (1 2) correct
(NNDIFFERENCE (1 2 4) (3)) => (1 2 4) correct
(NNDIFFERENCE (1 2 4) (3 4)) => (1 2) correct
(NNDIFFERENCE (1 2 4) (2)) => (1 4) correct
(NNDIFFERENCE (1 2 4) (2 4)) => (1) correct
(NNDIFFERENCE (1 2 4) (2 3)) => (1 4) correct
(NNDIFFERENCE (1 2 4) (2 3 4)) => (1) correct
(NNDIFFERENCE (1 2 4) (1)) => (2 4) correct
(NNDIFFERENCE (1 2 4) (1 4)) => (2) correct
(NNDIFFERENCE (1 2 4) (1 3)) => (2 4) correct
(NNDIFFERENCE (1 2 4) (1 3 4)) => (2) correct
(NNDIFFERENCE (1 2 4) (1 2)) => (4) correct
(NNDIFFERENCE (1 2 4) (1 2 4)) => NIL correct
(NNDIFFERENCE (1 2 4) (1 2 3)) => (4) correct
(NNDIFFERENCE (1 2 4) (1 2 3 4)) => NIL correct
(NNDIFFERENCE (1 2 3) NIL) => (1 2 3) correct
(NNDIFFERENCE (1 2 3) (4)) => (1 2 3) correct
(NNDIFFERENCE (1 2 3) (3)) => (1 2) correct
(NNDIFFERENCE (1 2 3) (3 4)) => (1 2) correct
(NNDIFFERENCE (1 2 3) (2)) => (1 3) correct
(NNDIFFERENCE (1 2 3) (2 4)) => (1 3) correct
(NNDIFFERENCE (1 2 3) (2 3)) => (1) correct
(NNDIFFERENCE (1 2 3) (2 3 4)) => (1) correct
(NNDIFFERENCE (1 2 3) (1)) => (2 3) correct
(NNDIFFERENCE (1 2 3) (1 4)) => (2 3) correct
(NNDIFFERENCE (1 2 3) (1 3)) => (2) correct
(NNDIFFERENCE (1 2 3) (1 3 4)) => (2) correct
(NNDIFFERENCE (1 2 3) (1 2)) => (3) correct
(NNDIFFERENCE (1 2 3) (1 2 4)) => (3) correct
(NNDIFFERENCE (1 2 3) (1 2 3)) => NIL correct
(NNDIFFERENCE (1 2 3) (1 2 3 4)) => NIL correct
(NNDIFFERENCE (1 2 3 4) NIL) => (1 2 3 4) correct
(NNDIFFERENCE (1 2 3 4) (4)) => (1 2 3) correct
(NNDIFFERENCE (1 2 3 4) (3)) => (1 2 4) correct
(NNDIFFERENCE (1 2 3 4) (3 4)) => (1 2) correct
(NNDIFFERENCE (1 2 3 4) (2)) => (1 3 4) correct
(NNDIFFERENCE (1 2 3 4) (2 4)) => (1 3) correct
(NNDIFFERENCE (1 2 3 4) (2 3)) => (1 4) correct
(NNDIFFERENCE (1 2 3 4) (2 3 4)) => (1) correct
(NNDIFFERENCE (1 2 3 4) (1)) => (2 3 4) correct
(NNDIFFERENCE (1 2 3 4) (1 4)) => (2 3) correct
(NNDIFFERENCE (1 2 3 4) (1 3)) => (2 4) correct
(NNDIFFERENCE (1 2 3 4) (1 3 4)) => (2) correct
(NNDIFFERENCE (1 2 3 4) (1 2)) => (3 4) correct
(NNDIFFERENCE (1 2 3 4) (1 2 4)) => (3) correct
(NNDIFFERENCE (1 2 3 4) (1 2 3)) => (4) correct
(NNDIFFERENCE (1 2 3 4) (1 2 3 4)) => NIL correct
(SUNION NIL NIL) => NIL correct
(SUNION NIL (D)) => (D) correct
(SUNION NIL (C)) => (C) correct
(SUNION NIL (C D)) => (C D) correct
(SUNION NIL (B)) => (B) correct
(SUNION NIL (B D)) => (B D) correct
(SUNION NIL (B C)) => (B C) correct
(SUNION NIL (B C D)) => (B C D) correct
(SUNION NIL (A)) => (A) correct
(SUNION NIL (A D)) => (A D) correct
(SUNION NIL (A C)) => (A C) correct
(SUNION NIL (A C D)) => (A C D) correct
(SUNION NIL (A B)) => (A B) correct
(SUNION NIL (A B D)) => (A B D) correct
(SUNION NIL (A B C)) => (A B C) correct
(SUNION NIL (A B C D)) => (A B C D) correct
(SUNION (D) NIL) => (D) correct
(SUNION (D) (D)) => (D) correct
(SUNION (D) (C)) => (C D) correct
(SUNION (D) (C D)) => (C D) correct
(SUNION (D) (B)) => (B D) correct
(SUNION (D) (B D)) => (B D) correct
(SUNION (D) (B C)) => (B C D) correct
(SUNION (D) (B C D)) => (B C D) correct
(SUNION (D) (A)) => (A D) correct
(SUNION (D) (A D)) => (A D) correct
(SUNION (D) (A C)) => (A C D) correct
(SUNION (D) (A C D)) => (A C D) correct
(SUNION (D) (A B)) => (A B D) correct
(SUNION (D) (A B D)) => (A B D) correct
(SUNION (D) (A B C)) => (A B C D) correct
(SUNION (D) (A B C D)) => (A B C D) correct
(SUNION (C) NIL) => (C) correct
(SUNION (C) (D)) => (C D) correct
(SUNION (C) (C)) => (C) correct
(SUNION (C) (C D)) => (C D) correct
(SUNION (C) (B)) => (B C) correct
(SUNION (C) (B D)) => (B C D) correct
(SUNION (C) (B C)) => (B C) correct
(SUNION (C) (B C D)) => (B C D) correct
(SUNION (C) (A)) => (A C) correct
(SUNION (C) (A D)) => (A C D) correct
(SUNION (C) (A C)) => (A C) correct
(SUNION (C) (A C D)) => (A C D) correct
(SUNION (C) (A B)) => (A B C) correct
(SUNION (C) (A B D)) => (A B C D) correct
(SUNION (C) (A B C)) => (A B C) correct
(SUNION (C) (A B C D)) => (A B C D) correct
(SUNION (C D) NIL) => (C D) correct
(SUNION (C D) (D)) => (C D) correct
(SUNION (C D) (C)) => (C D) correct
(SUNION (C D) (C D)) => (C D) correct
(SUNION (C D) (B)) => (B C D) correct
(SUNION (C D) (B D)) => (B C D) correct
(SUNION (C D) (B C)) => (B C D) correct
(SUNION (C D) (B C D)) => (B C D) correct
(SUNION (C D) (A)) => (A C D) correct
(SUNION (C D) (A D)) => (A C D) correct
(SUNION (C D) (A C)) => (A C D) correct
(SUNION (C D) (A C D)) => (A C D) correct
(SUNION (C D) (A B)) => (A B C D) correct
(SUNION (C D) (A B D)) => (A B C D) correct
(SUNION (C D) (A B C)) => (A B C D) correct
(SUNION (C D) (A B C D)) => (A B C D) correct
(SUNION (B) NIL) => (B) correct
(SUNION (B) (D)) => (B D) correct
(SUNION (B) (C)) => (B C) correct
(SUNION (B) (C D)) => (B C D) correct
(SUNION (B) (B)) => (B) correct
(SUNION (B) (B D)) => (B D) correct
(SUNION (B) (B C)) => (B C) correct
(SUNION (B) (B C D)) => (B C D) correct
(SUNION (B) (A)) => (A B) correct
(SUNION (B) (A D)) => (A B D) correct
(SUNION (B) (A C)) => (A B C) correct
(SUNION (B) (A C D)) => (A B C D) correct
(SUNION (B) (A B)) => (A B) correct
(SUNION (B) (A B D)) => (A B D) correct
(SUNION (B) (A B C)) => (A B C) correct
(SUNION (B) (A B C D)) => (A B C D) correct
(SUNION (B D) NIL) => (B D) correct
(SUNION (B D) (D)) => (B D) correct
(SUNION (B D) (C)) => (B C D) correct
(SUNION (B D) (C D)) => (B C D) correct
(SUNION (B D) (B)) => (B D) correct
(SUNION (B D) (B D)) => (B D) correct
(SUNION (B D) (B C)) => (B C D) correct
(SUNION (B D) (B C D)) => (B C D) correct
(SUNION (B D) (A)) => (A B D) correct
(SUNION (B D) (A D)) => (A B D) correct
(SUNION (B D) (A C)) => (A B C D) correct
(SUNION (B D) (A C D)) => (A B C D) correct
(SUNION (B D) (A B)) => (A B D) correct
(SUNION (B D) (A B D)) => (A B D) correct
(SUNION (B D) (A B C)) => (A B C D) correct
(SUNION (B D) (A B C D)) => (A B C D) correct
(SUNION (B C) NIL) => (B C) correct
(SUNION (B C) (D)) => (B C D) correct
(SUNION (B C) (C)) => (B C) correct
(SUNION (B C) (C D)) => (B C D) correct
(SUNION (B C) (B)) => (B C) correct
(SUNION (B C) (B D)) => (B C D) correct
(SUNION (B C) (B C)) => (B C) correct
(SUNION (B C) (B C D)) => (B C D) correct
(SUNION (B C) (A)) => (A B C) correct
(SUNION (B C) (A D)) => (A B C D) correct
(SUNION (B C) (A C)) => (A B C) correct
(SUNION (B C) (A C D)) => (A B C D) correct
(SUNION (B C) (A B)) => (A B C) correct
(SUNION (B C) (A B D)) => (A B C D) correct
(SUNION (B C) (A B C)) => (A B C) correct
(SUNION (B C) (A B C D)) => (A B C D) correct
(SUNION (B C D) NIL) => (B C D) correct
(SUNION (B C D) (D)) => (B C D) correct
(SUNION (B C D) (C)) => (B C D) correct
(SUNION (B C D) (C D)) => (B C D) correct
(SUNION (B C D) (B)) => (B C D) correct
(SUNION (B C D) (B D)) => (B C D) correct
(SUNION (B C D) (B C)) => (B C D) correct
(SUNION (B C D) (B C D)) => (B C D) correct
(SUNION (B C D) (A)) => (A B C D) correct
(SUNION (B C D) (A D)) => (A B C D) correct
(SUNION (B C D) (A C)) => (A B C D) correct
(SUNION (B C D) (A C D)) => (A B C D) correct
(SUNION (B C D) (A B)) => (A B C D) correct
(SUNION (B C D) (A B D)) => (A B C D) correct
(SUNION (B C D) (A B C)) => (A B C D) correct
(SUNION (B C D) (A B C D)) => (A B C D) correct
(SUNION (A) NIL) => (A) correct
(SUNION (A) (D)) => (A D) correct
(SUNION (A) (C)) => (A C) correct
(SUNION (A) (C D)) => (A C D) correct
(SUNION (A) (B)) => (A B) correct
(SUNION (A) (B D)) => (A B D) correct
(SUNION (A) (B C)) => (A B C) correct
(SUNION (A) (B C D)) => (A B C D) correct
(SUNION (A) (A)) => (A) correct
(SUNION (A) (A D)) => (A D) correct
(SUNION (A) (A C)) => (A C) correct
(SUNION (A) (A C D)) => (A C D) correct
(SUNION (A) (A B)) => (A B) correct
(SUNION (A) (A B D)) => (A B D) correct
(SUNION (A) (A B C)) => (A B C) correct
(SUNION (A) (A B C D)) => (A B C D) correct
(SUNION (A D) NIL) => (A D) correct
(SUNION (A D) (D)) => (A D) correct
(SUNION (A D) (C)) => (A C D) correct
(SUNION (A D) (C D)) => (A C D) correct
(SUNION (A D) (B)) => (A B D) correct
(SUNION (A D) (B D)) => (A B D) correct
(SUNION (A D) (B C)) => (A B C D) correct
(SUNION (A D) (B C D)) => (A B C D) correct
(SUNION (A D) (A)) => (A D) correct
(SUNION (A D) (A D)) => (A D) correct
(SUNION (A D) (A C)) => (A C D) correct
(SUNION (A D) (A C D)) => (A C D) correct
(SUNION (A D) (A B)) => (A B D) correct
(SUNION (A D) (A B D)) => (A B D) correct
(SUNION (A D) (A B C)) => (A B C D) correct
(SUNION (A D) (A B C D)) => (A B C D) correct
(SUNION (A C) NIL) => (A C) correct
(SUNION (A C) (D)) => (A C D) correct
(SUNION (A C) (C)) => (A C) correct
(SUNION (A C) (C D)) => (A C D) correct
(SUNION (A C) (B)) => (A B C) correct
(SUNION (A C) (B D)) => (A B C D) correct
(SUNION (A C) (B C)) => (A B C) correct
(SUNION (A C) (B C D)) => (A B C D) correct
(SUNION (A C) (A)) => (A C) correct
(SUNION (A C) (A D)) => (A C D) correct
(SUNION (A C) (A C)) => (A C) correct
(SUNION (A C) (A C D)) => (A C D) correct
(SUNION (A C) (A B)) => (A B C) correct
(SUNION (A C) (A B D)) => (A B C D) correct
(SUNION (A C) (A B C)) => (A B C) correct
(SUNION (A C) (A B C D)) => (A B C D) correct
(SUNION (A C D) NIL) => (A C D) correct
(SUNION (A C D) (D)) => (A C D) correct
(SUNION (A C D) (C)) => (A C D) correct
(SUNION (A C D) (C D)) => (A C D) correct
(SUNION (A C D) (B)) => (A B C D) correct
(SUNION (A C D) (B D)) => (A B C D) correct
(SUNION (A C D) (B C)) => (A B C D) correct
(SUNION (A C D) (B C D)) => (A B C D) correct
(SUNION (A C D) (A)) => (A C D) correct
(SUNION (A C D) (A D)) => (A C D) correct
(SUNION (A C D) (A C)) => (A C D) correct
(SUNION (A C D) (A C D)) => (A C D) correct
(SUNION (A C D) (A B)) => (A B C D) correct
(SUNION (A C D) (A B D)) => (A B C D) correct
(SUNION (A C D) (A B C)) => (A B C D) correct
(SUNION (A C D) (A B C D)) => (A B C D) correct
(SUNION (A B) NIL) => (A B) correct
(SUNION (A B) (D)) => (A B D) correct
(SUNION (A B) (C)) => (A B C) correct
(SUNION (A B) (C D)) => (A B C D) correct
(SUNION (A B) (B)) => (A B) correct
(SUNION (A B) (B D)) => (A B D) correct
(SUNION (A B) (B C)) => (A B C) correct
(SUNION (A B) (B C D)) => (A B C D) correct
(SUNION (A B) (A)) => (A B) correct
(SUNION (A B) (A D)) => (A B D) correct
(SUNION (A B) (A C)) => (A B C) correct
(SUNION (A B) (A C D)) => (A B C D) correct
(SUNION (A B) (A B)) => (A B) correct
(SUNION (A B) (A B D)) => (A B D) correct
(SUNION (A B) (A B C)) => (A B C) correct
(SUNION (A B) (A B C D)) => (A B C D) correct
(SUNION (A B D) NIL) => (A B D) correct
(SUNION (A B D) (D)) => (A B D) correct
(SUNION (A B D) (C)) => (A B C D) correct
(SUNION (A B D) (C D)) => (A B C D) correct
(SUNION (A B D) (B)) => (A B D) correct
(SUNION (A B D) (B D)) => (A B D) correct
(SUNION (A B D) (B C)) => (A B C D) correct
(SUNION (A B D) (B C D)) => (A B C D) correct
(SUNION (A B D) (A)) => (A B D) correct
(SUNION (A B D) (A D)) => (A B D) correct
(SUNION (A B D) (A C)) => (A B C D) correct
(SUNION (A B D) (A C D)) => (A B C D) correct
(SUNION (A B D) (A B)) => (A B D) correct
(SUNION (A B D) (A B D)) => (A B D) correct
(SUNION (A B D) (A B C)) => (A B C D) correct
(SUNION (A B D) (A B C D)) => (A B C D) correct
(SUNION (A B C) NIL) => (A B C) correct
(SUNION (A B C) (D)) => (A B C D) correct
(SUNION (A B C) (C)) => (A B C) correct
(SUNION (A B C) (C D)) => (A B C D) correct
(SUNION (A B C) (B)) => (A B C) correct
(SUNION (A B C) (B D)) => (A B C D) correct
(SUNION (A B C) (B C)) => (A B C) correct
(SUNION (A B C) (B C D)) => (A B C D) correct
(SUNION (A B C) (A)) => (A B C) correct
(SUNION (A B C) (A D)) => (A B C D) correct
(SUNION (A B C) (A C)) => (A B C) correct
(SUNION (A B C) (A C D)) => (A B C D) correct
(SUNION (A B C) (A B)) => (A B C) correct
(SUNION (A B C) (A B D)) => (A B C D) correct
(SUNION (A B C) (A B C)) => (A B C) correct
(SUNION (A B C) (A B C D)) => (A B C D) correct
(SUNION (A B C D) NIL) => (A B C D) correct
(SUNION (A B C D) (D)) => (A B C D) correct
(SUNION (A B C D) (C)) => (A B C D) correct
(SUNION (A B C D) (C D)) => (A B C D) correct
(SUNION (A B C D) (B)) => (A B C D) correct
(SUNION (A B C D) (B D)) => (A B C D) correct
(SUNION (A B C D) (B C)) => (A B C D) correct
(SUNION (A B C D) (B C D)) => (A B C D) correct
(SUNION (A B C D) (A)) => (A B C D) correct
(SUNION (A B C D) (A D)) => (A B C D) correct
(SUNION (A B C D) (A C)) => (A B C D) correct
(SUNION (A B C D) (A C D)) => (A B C D) correct
(SUNION (A B C D) (A B)) => (A B C D) correct
(SUNION (A B C D) (A B D)) => (A B C D) correct
(SUNION (A B C D) (A B C)) => (A B C D) correct
(SUNION (A B C D) (A B C D)) => (A B C D) correct
(SINTERSECTION NIL NIL) => NIL correct
(SINTERSECTION NIL (D)) => NIL correct
(SINTERSECTION NIL (C)) => NIL correct
(SINTERSECTION NIL (C D)) => NIL correct
(SINTERSECTION NIL (B)) => NIL correct
(SINTERSECTION NIL (B D)) => NIL correct
(SINTERSECTION NIL (B C)) => NIL correct
(SINTERSECTION NIL (B C D)) => NIL correct
(SINTERSECTION NIL (A)) => NIL correct
(SINTERSECTION NIL (A D)) => NIL correct
(SINTERSECTION NIL (A C)) => NIL correct
(SINTERSECTION NIL (A C D)) => NIL correct
(SINTERSECTION NIL (A B)) => NIL correct
(SINTERSECTION NIL (A B D)) => NIL correct
(SINTERSECTION NIL (A B C)) => NIL correct
(SINTERSECTION NIL (A B C D)) => NIL correct
(SINTERSECTION (D) NIL) => NIL correct
(SINTERSECTION (D) (D)) => (D) correct
(SINTERSECTION (D) (C)) => NIL correct
(SINTERSECTION (D) (C D)) => (D) correct
(SINTERSECTION (D) (B)) => NIL correct
(SINTERSECTION (D) (B D)) => (D) correct
(SINTERSECTION (D) (B C)) => NIL correct
(SINTERSECTION (D) (B C D)) => (D) correct
(SINTERSECTION (D) (A)) => NIL correct
(SINTERSECTION (D) (A D)) => (D) correct
(SINTERSECTION (D) (A C)) => NIL correct
(SINTERSECTION (D) (A C D)) => (D) correct
(SINTERSECTION (D) (A B)) => NIL correct
(SINTERSECTION (D) (A B D)) => (D) correct
(SINTERSECTION (D) (A B C)) => NIL correct
(SINTERSECTION (D) (A B C D)) => (D) correct
(SINTERSECTION (C) NIL) => NIL correct
(SINTERSECTION (C) (D)) => NIL correct
(SINTERSECTION (C) (C)) => (C) correct
(SINTERSECTION (C) (C D)) => (C) correct
(SINTERSECTION (C) (B)) => NIL correct
(SINTERSECTION (C) (B D)) => NIL correct
(SINTERSECTION (C) (B C)) => (C) correct
(SINTERSECTION (C) (B C D)) => (C) correct
(SINTERSECTION (C) (A)) => NIL correct
(SINTERSECTION (C) (A D)) => NIL correct
(SINTERSECTION (C) (A C)) => (C) correct
(SINTERSECTION (C) (A C D)) => (C) correct
(SINTERSECTION (C) (A B)) => NIL correct
(SINTERSECTION (C) (A B D)) => NIL correct
(SINTERSECTION (C) (A B C)) => (C) correct
(SINTERSECTION (C) (A B C D)) => (C) correct
(SINTERSECTION (C D) NIL) => NIL correct
(SINTERSECTION (C D) (D)) => (D) correct
(SINTERSECTION (C D) (C)) => (C) correct
(SINTERSECTION (C D) (C D)) => (C D) correct
(SINTERSECTION (C D) (B)) => NIL correct
(SINTERSECTION (C D) (B D)) => (D) correct
(SINTERSECTION (C D) (B C)) => (C) correct
(SINTERSECTION (C D) (B C D)) => (C D) correct
(SINTERSECTION (C D) (A)) => NIL correct
(SINTERSECTION (C D) (A D)) => (D) correct
(SINTERSECTION (C D) (A C)) => (C) correct
(SINTERSECTION (C D) (A C D)) => (C D) correct
(SINTERSECTION (C D) (A B)) => NIL correct
(SINTERSECTION (C D) (A B D)) => (D) correct
(SINTERSECTION (C D) (A B C)) => (C) correct
(SINTERSECTION (C D) (A B C D)) => (C D) correct
(SINTERSECTION (B) NIL) => NIL correct
(SINTERSECTION (B) (D)) => NIL correct
(SINTERSECTION (B) (C)) => NIL correct
(SINTERSECTION (B) (C D)) => NIL correct
(SINTERSECTION (B) (B)) => (B) correct
(SINTERSECTION (B) (B D)) => (B) correct
(SINTERSECTION (B) (B C)) => (B) correct
(SINTERSECTION (B) (B C D)) => (B) correct
(SINTERSECTION (B) (A)) => NIL correct
(SINTERSECTION (B) (A D)) => NIL correct
(SINTERSECTION (B) (A C)) => NIL correct
(SINTERSECTION (B) (A C D)) => NIL correct
(SINTERSECTION (B) (A B)) => (B) correct
(SINTERSECTION (B) (A B D)) => (B) correct
(SINTERSECTION (B) (A B C)) => (B) correct
(SINTERSECTION (B) (A B C D)) => (B) correct
(SINTERSECTION (B D) NIL) => NIL correct
(SINTERSECTION (B D) (D)) => (D) correct
(SINTERSECTION (B D) (C)) => NIL correct
(SINTERSECTION (B D) (C D)) => (D) correct
(SINTERSECTION (B D) (B)) => (B) correct
(SINTERSECTION (B D) (B D)) => (B D) correct
(SINTERSECTION (B D) (B C)) => (B) correct
(SINTERSECTION (B D) (B C D)) => (B D) correct
(SINTERSECTION (B D) (A)) => NIL correct
(SINTERSECTION (B D) (A D)) => (D) correct
(SINTERSECTION (B D) (A C)) => NIL correct
(SINTERSECTION (B D) (A C D)) => (D) correct
(SINTERSECTION (B D) (A B)) => (B) correct
(SINTERSECTION (B D) (A B D)) => (B D) correct
(SINTERSECTION (B D) (A B C)) => (B) correct
(SINTERSECTION (B D) (A B C D)) => (B D) correct
(SINTERSECTION (B C) NIL) => NIL correct
(SINTERSECTION (B C) (D)) => NIL correct
(SINTERSECTION (B C) (C)) => (C) correct
(SINTERSECTION (B C) (C D)) => (C) correct
(SINTERSECTION (B C) (B)) => (B) correct
(SINTERSECTION (B C) (B D)) => (B) correct
(SINTERSECTION (B C) (B C)) => (B C) correct
(SINTERSECTION (B C) (B C D)) => (B C) correct
(SINTERSECTION (B C) (A)) => NIL correct
(SINTERSECTION (B C) (A D)) => NIL correct
(SINTERSECTION (B C) (A C)) => (C) correct
(SINTERSECTION (B C) (A C D)) => (C) correct
(SINTERSECTION (B C) (A B)) => (B) correct
(SINTERSECTION (B C) (A B D)) => (B) correct
(SINTERSECTION (B C) (A B C)) => (B C) correct
(SINTERSECTION (B C) (A B C D)) => (B C) correct
(SINTERSECTION (B C D) NIL) => NIL correct
(SINTERSECTION (B C D) (D)) => (D) correct
(SINTERSECTION (B C D) (C)) => (C) correct
(SINTERSECTION (B C D) (C D)) => (C D) correct
(SINTERSECTION (B C D) (B)) => (B) correct
(SINTERSECTION (B C D) (B D)) => (B D) correct
(SINTERSECTION (B C D) (B C)) => (B C) correct
(SINTERSECTION (B C D) (B C D)) => (B C D) correct
(SINTERSECTION (B C D) (A)) => NIL correct
(SINTERSECTION (B C D) (A D)) => (D) correct
(SINTERSECTION (B C D) (A C)) => (C) correct
(SINTERSECTION (B C D) (A C D)) => (C D) correct
(SINTERSECTION (B C D) (A B)) => (B) correct
(SINTERSECTION (B C D) (A B D)) => (B D) correct
(SINTERSECTION (B C D) (A B C)) => (B C) correct
(SINTERSECTION (B C D) (A B C D)) => (B C D) correct
(SINTERSECTION (A) NIL) => NIL correct
(SINTERSECTION (A) (D)) => NIL correct
(SINTERSECTION (A) (C)) => NIL correct
(SINTERSECTION (A) (C D)) => NIL correct
(SINTERSECTION (A) (B)) => NIL correct
(SINTERSECTION (A) (B D)) => NIL correct
(SINTERSECTION (A) (B C)) => NIL correct
(SINTERSECTION (A) (B C D)) => NIL correct
(SINTERSECTION (A) (A)) => (A) correct
(SINTERSECTION (A) (A D)) => (A) correct
(SINTERSECTION (A) (A C)) => (A) correct
(SINTERSECTION (A) (A C D)) => (A) correct
(SINTERSECTION (A) (A B)) => (A) correct
(SINTERSECTION (A) (A B D)) => (A) correct
(SINTERSECTION (A) (A B C)) => (A) correct
(SINTERSECTION (A) (A B C D)) => (A) correct
(SINTERSECTION (A D) NIL) => NIL correct
(SINTERSECTION (A D) (D)) => (D) correct
(SINTERSECTION (A D) (C)) => NIL correct
(SINTERSECTION (A D) (C D)) => (D) correct
(SINTERSECTION (A D) (B)) => NIL correct
(SINTERSECTION (A D) (B D)) => (D) correct
(SINTERSECTION (A D) (B C)) => NIL correct
(SINTERSECTION (A D) (B C D)) => (D) correct
(SINTERSECTION (A D) (A)) => (A) correct
(SINTERSECTION (A D) (A D)) => (A D) correct
(SINTERSECTION (A D) (A C)) => (A) correct
(SINTERSECTION (A D) (A C D)) => (A D) correct
(SINTERSECTION (A D) (A B)) => (A) correct
(SINTERSECTION (A D) (A B D)) => (A D) correct
(SINTERSECTION (A D) (A B C)) => (A) correct
(SINTERSECTION (A D) (A B C D)) => (A D) correct
(SINTERSECTION (A C) NIL) => NIL correct
(SINTERSECTION (A C) (D)) => NIL correct
(SINTERSECTION (A C) (C)) => (C) correct
(SINTERSECTION (A C) (C D)) => (C) correct
(SINTERSECTION (A C) (B)) => NIL correct
(SINTERSECTION (A C) (B D)) => NIL correct
(SINTERSECTION (A C) (B C)) => (C) correct
(SINTERSECTION (A C) (B C D)) => (C) correct
(SINTERSECTION (A C) (A)) => (A) correct
(SINTERSECTION (A C) (A D)) => (A) correct
(SINTERSECTION (A C) (A C)) => (A C) correct
(SINTERSECTION (A C) (A C D)) => (A C) correct
(SINTERSECTION (A C) (A B)) => (A) correct
(SINTERSECTION (A C) (A B D)) => (A) correct
(SINTERSECTION (A C) (A B C)) => (A C) correct
(SINTERSECTION (A C) (A B C D)) => (A C) correct
(SINTERSECTION (A C D) NIL) => NIL correct
(SINTERSECTION (A C D) (D)) => (D) correct
(SINTERSECTION (A C D) (C)) => (C) correct
(SINTERSECTION (A C D) (C D)) => (C D) correct
(SINTERSECTION (A C D) (B)) => NIL correct
(SINTERSECTION (A C D) (B D)) => (D) correct
(SINTERSECTION (A C D) (B C)) => (C) correct
(SINTERSECTION (A C D) (B C D)) => (C D) correct
(SINTERSECTION (A C D) (A)) => (A) correct
(SINTERSECTION (A C D) (A D)) => (A D) correct
(SINTERSECTION (A C D) (A C)) => (A C) correct
(SINTERSECTION (A C D) (A C D)) => (A C D) correct
(SINTERSECTION (A C D) (A B)) => (A) correct
(SINTERSECTION (A C D) (A B D)) => (A D) correct
(SINTERSECTION (A C D) (A B C)) => (A C) correct
(SINTERSECTION (A C D) (A B C D)) => (A C D) correct
(SINTERSECTION (A B) NIL) => NIL correct
(SINTERSECTION (A B) (D)) => NIL correct
(SINTERSECTION (A B) (C)) => NIL correct
(SINTERSECTION (A B) (C D)) => NIL correct
(SINTERSECTION (A B) (B)) => (B) correct
(SINTERSECTION (A B) (B D)) => (B) correct
(SINTERSECTION (A B) (B C)) => (B) correct
(SINTERSECTION (A B) (B C D)) => (B) correct
(SINTERSECTION (A B) (A)) => (A) correct
(SINTERSECTION (A B) (A D)) => (A) correct
(SINTERSECTION (A B) (A C)) => (A) correct
(SINTERSECTION (A B) (A C D)) => (A) correct
(SINTERSECTION (A B) (A B)) => (A B) correct
(SINTERSECTION (A B) (A B D)) => (A B) correct
(SINTERSECTION (A B) (A B C)) => (A B) correct
(SINTERSECTION (A B) (A B C D)) => (A B) correct
(SINTERSECTION (A B D) NIL) => NIL correct
(SINTERSECTION (A B D) (D)) => (D) correct
(SINTERSECTION (A B D) (C)) => NIL correct
(SINTERSECTION (A B D) (C D)) => (D) correct
(SINTERSECTION (A B D) (B)) => (B) correct
(SINTERSECTION (A B D) (B D)) => (B D) correct
(SINTERSECTION (A B D) (B C)) => (B) correct
(SINTERSECTION (A B D) (B C D)) => (B D) correct
(SINTERSECTION (A B D) (A)) => (A) correct
(SINTERSECTION (A B D) (A D)) => (A D) correct
(SINTERSECTION (A B D) (A C)) => (A) correct
(SINTERSECTION (A B D) (A C D)) => (A D) correct
(SINTERSECTION (A B D) (A B)) => (A B) correct
(SINTERSECTION (A B D) (A B D)) => (A B D) correct
(SINTERSECTION (A B D) (A B C)) => (A B) correct
(SINTERSECTION (A B D) (A B C D)) => (A B D) correct
(SINTERSECTION (A B C) NIL) => NIL correct
(SINTERSECTION (A B C) (D)) => NIL correct
(SINTERSECTION (A B C) (C)) => (C) correct
(SINTERSECTION (A B C) (C D)) => (C) correct
(SINTERSECTION (A B C) (B)) => (B) correct
(SINTERSECTION (A B C) (B D)) => (B) correct
(SINTERSECTION (A B C) (B C)) => (B C) correct
(SINTERSECTION (A B C) (B C D)) => (B C) correct
(SINTERSECTION (A B C) (A)) => (A) correct
(SINTERSECTION (A B C) (A D)) => (A) correct
(SINTERSECTION (A B C) (A C)) => (A C) correct
(SINTERSECTION (A B C) (A C D)) => (A C) correct
(SINTERSECTION (A B C) (A B)) => (A B) correct
(SINTERSECTION (A B C) (A B D)) => (A B) correct
(SINTERSECTION (A B C) (A B C)) => (A B C) correct
(SINTERSECTION (A B C) (A B C D)) => (A B C) correct
(SINTERSECTION (A B C D) NIL) => NIL correct
(SINTERSECTION (A B C D) (D)) => (D) correct
(SINTERSECTION (A B C D) (C)) => (C) correct
(SINTERSECTION (A B C D) (C D)) => (C D) correct
(SINTERSECTION (A B C D) (B)) => (B) correct
(SINTERSECTION (A B C D) (B D)) => (B D) correct
(SINTERSECTION (A B C D) (B C)) => (B C) correct
(SINTERSECTION (A B C D) (B C D)) => (B C D) correct
(SINTERSECTION (A B C D) (A)) => (A) correct
(SINTERSECTION (A B C D) (A D)) => (A D) correct
(SINTERSECTION (A B C D) (A C)) => (A C) correct
(SINTERSECTION (A B C D) (A C D)) => (A C D) correct
(SINTERSECTION (A B C D) (A B)) => (A B) correct
(SINTERSECTION (A B C D) (A B D)) => (A B D) correct
(SINTERSECTION (A B C D) (A B C)) => (A B C) correct
(SINTERSECTION (A B C D) (A B C D)) => (A B C D) correct
(SDIFFERENCE NIL NIL) => NIL correct
(SDIFFERENCE NIL (D)) => NIL correct
(SDIFFERENCE NIL (C)) => NIL correct
(SDIFFERENCE NIL (C D)) => NIL correct
(SDIFFERENCE NIL (B)) => NIL correct
(SDIFFERENCE NIL (B D)) => NIL correct
(SDIFFERENCE NIL (B C)) => NIL correct
(SDIFFERENCE NIL (B C D)) => NIL correct
(SDIFFERENCE NIL (A)) => NIL correct
(SDIFFERENCE NIL (A D)) => NIL correct
(SDIFFERENCE NIL (A C)) => NIL correct
(SDIFFERENCE NIL (A C D)) => NIL correct
(SDIFFERENCE NIL (A B)) => NIL correct
(SDIFFERENCE NIL (A B D)) => NIL correct
(SDIFFERENCE NIL (A B C)) => NIL correct
(SDIFFERENCE NIL (A B C D)) => NIL correct
(SDIFFERENCE (D) NIL) => (D) correct
(SDIFFERENCE (D) (D)) => NIL correct
(SDIFFERENCE (D) (C)) => (D) correct
(SDIFFERENCE (D) (C D)) => NIL correct
(SDIFFERENCE (D) (B)) => (D) correct
(SDIFFERENCE (D) (B D)) => NIL correct
(SDIFFERENCE (D) (B C)) => (D) correct
(SDIFFERENCE (D) (B C D)) => NIL correct
(SDIFFERENCE (D) (A)) => (D) correct
(SDIFFERENCE (D) (A D)) => NIL correct
(SDIFFERENCE (D) (A C)) => (D) correct
(SDIFFERENCE (D) (A C D)) => NIL correct
(SDIFFERENCE (D) (A B)) => (D) correct
(SDIFFERENCE (D) (A B D)) => NIL correct
(SDIFFERENCE (D) (A B C)) => (D) correct
(SDIFFERENCE (D) (A B C D)) => NIL correct
(SDIFFERENCE (C) NIL) => (C) correct
(SDIFFERENCE (C) (D)) => (C) correct
(SDIFFERENCE (C) (C)) => NIL correct
(SDIFFERENCE (C) (C D)) => NIL correct
(SDIFFERENCE (C) (B)) => (C) correct
(SDIFFERENCE (C) (B D)) => (C) correct
(SDIFFERENCE (C) (B C)) => NIL correct
(SDIFFERENCE (C) (B C D)) => NIL correct
(SDIFFERENCE (C) (A)) => (C) correct
(SDIFFERENCE (C) (A D)) => (C) correct
(SDIFFERENCE (C) (A C)) => NIL correct
(SDIFFERENCE (C) (A C D)) => NIL correct
(SDIFFERENCE (C) (A B)) => (C) correct
(SDIFFERENCE (C) (A B D)) => (C) correct
(SDIFFERENCE (C) (A B C)) => NIL correct
(SDIFFERENCE (C) (A B C D)) => NIL correct
(SDIFFERENCE (C D) NIL) => (C D) correct
(SDIFFERENCE (C D) (D)) => (C) correct
(SDIFFERENCE (C D) (C)) => (D) correct
(SDIFFERENCE (C D) (C D)) => NIL correct
(SDIFFERENCE (C D) (B)) => (C D) correct
(SDIFFERENCE (C D) (B D)) => (C) correct
(SDIFFERENCE (C D) (B C)) => (D) correct
(SDIFFERENCE (C D) (B C D)) => NIL correct
(SDIFFERENCE (C D) (A)) => (C D) correct
(SDIFFERENCE (C D) (A D)) => (C) correct
(SDIFFERENCE (C D) (A C)) => (D) correct
(SDIFFERENCE (C D) (A C D)) => NIL correct
(SDIFFERENCE (C D) (A B)) => (C D) correct
(SDIFFERENCE (C D) (A B D)) => (C) correct
(SDIFFERENCE (C D) (A B C)) => (D) correct
(SDIFFERENCE (C D) (A B C D)) => NIL correct
(SDIFFERENCE (B) NIL) => (B) correct
(SDIFFERENCE (B) (D)) => (B) correct
(SDIFFERENCE (B) (C)) => (B) correct
(SDIFFERENCE (B) (C D)) => (B) correct
(SDIFFERENCE (B) (B)) => NIL correct
(SDIFFERENCE (B) (B D)) => NIL correct
(SDIFFERENCE (B) (B C)) => NIL correct
(SDIFFERENCE (B) (B C D)) => NIL correct
(SDIFFERENCE (B) (A)) => (B) correct
(SDIFFERENCE (B) (A D)) => (B) correct
(SDIFFERENCE (B) (A C)) => (B) correct
(SDIFFERENCE (B) (A C D)) => (B) correct
(SDIFFERENCE (B) (A B)) => NIL correct
(SDIFFERENCE (B) (A B D)) => NIL correct
(SDIFFERENCE (B) (A B C)) => NIL correct
(SDIFFERENCE (B) (A B C D)) => NIL correct
(SDIFFERENCE (B D) NIL) => (B D) correct
(SDIFFERENCE (B D) (D)) => (B) correct
(SDIFFERENCE (B D) (C)) => (B D) correct
(SDIFFERENCE (B D) (C D)) => (B) correct
(SDIFFERENCE (B D) (B)) => (D) correct
(SDIFFERENCE (B D) (B D)) => NIL correct
(SDIFFERENCE (B D) (B C)) => (D) correct
(SDIFFERENCE (B D) (B C D)) => NIL correct
(SDIFFERENCE (B D) (A)) => (B D) correct
(SDIFFERENCE (B D) (A D)) => (B) correct
(SDIFFERENCE (B D) (A C)) => (B D) correct
(SDIFFERENCE (B D) (A C D)) => (B) correct
(SDIFFERENCE (B D) (A B)) => (D) correct
(SDIFFERENCE (B D) (A B D)) => NIL correct
(SDIFFERENCE (B D) (A B C)) => (D) correct
(SDIFFERENCE (B D) (A B C D)) => NIL correct
(SDIFFERENCE (B C) NIL) => (B C) correct
(SDIFFERENCE (B C) (D)) => (B C) correct
(SDIFFERENCE (B C) (C)) => (B) correct
(SDIFFERENCE (B C) (C D)) => (B) correct
(SDIFFERENCE (B C) (B)) => (C) correct
(SDIFFERENCE (B C) (B D)) => (C) correct
(SDIFFERENCE (B C) (B C)) => NIL correct
(SDIFFERENCE (B C) (B C D)) => NIL correct
(SDIFFERENCE (B C) (A)) => (B C) correct
(SDIFFERENCE (B C) (A D)) => (B C) correct
(SDIFFERENCE (B C) (A C)) => (B) correct
(SDIFFERENCE (B C) (A C D)) => (B) correct
(SDIFFERENCE (B C) (A B)) => (C) correct
(SDIFFERENCE (B C) (A B D)) => (C) correct
(SDIFFERENCE (B C) (A B C)) => NIL correct
(SDIFFERENCE (B C) (A B C D)) => NIL correct
(SDIFFERENCE (B C D) NIL) => (B C D) correct
(SDIFFERENCE (B C D) (D)) => (B C) correct
(SDIFFERENCE (B C D) (C)) => (B D) correct
(SDIFFERENCE (B C D) (C D)) => (B) correct
(SDIFFERENCE (B C D) (B)) => (C D) correct
(SDIFFERENCE (B C D) (B D)) => (C) correct
(SDIFFERENCE (B C D) (B C)) => (D) correct
(SDIFFERENCE (B C D) (B C D)) => NIL correct
(SDIFFERENCE (B C D) (A)) => (B C D) correct
(SDIFFERENCE (B C D) (A D)) => (B C) correct
(SDIFFERENCE (B C D) (A C)) => (B D) correct
(SDIFFERENCE (B C D) (A C D)) => (B) correct
(SDIFFERENCE (B C D) (A B)) => (C D) correct
(SDIFFERENCE (B C D) (A B D)) => (C) correct
(SDIFFERENCE (B C D) (A B C)) => (D) correct
(SDIFFERENCE (B C D) (A B C D)) => NIL correct
(SDIFFERENCE (A) NIL) => (A) correct
(SDIFFERENCE (A) (D)) => (A) correct
(SDIFFERENCE (A) (C)) => (A) correct
(SDIFFERENCE (A) (C D)) => (A) correct
(SDIFFERENCE (A) (B)) => (A) correct
(SDIFFERENCE (A) (B D)) => (A) correct
(SDIFFERENCE (A) (B C)) => (A) correct
(SDIFFERENCE (A) (B C D)) => (A) correct
(SDIFFERENCE (A) (A)) => NIL correct
(SDIFFERENCE (A) (A D)) => NIL correct
(SDIFFERENCE (A) (A C)) => NIL correct
(SDIFFERENCE (A) (A C D)) => NIL correct
(SDIFFERENCE (A) (A B)) => NIL correct
(SDIFFERENCE (A) (A B D)) => NIL correct
(SDIFFERENCE (A) (A B C)) => NIL correct
(SDIFFERENCE (A) (A B C D)) => NIL correct
(SDIFFERENCE (A D) NIL) => (A D) correct
(SDIFFERENCE (A D) (D)) => (A) correct
(SDIFFERENCE (A D) (C)) => (A D) correct
(SDIFFERENCE (A D) (C D)) => (A) correct
(SDIFFERENCE (A D) (B)) => (A D) correct
(SDIFFERENCE (A D) (B D)) => (A) correct
(SDIFFERENCE (A D) (B C)) => (A D) correct
(SDIFFERENCE (A D) (B C D)) => (A) correct
(SDIFFERENCE (A D) (A)) => (D) correct
(SDIFFERENCE (A D) (A D)) => NIL correct
(SDIFFERENCE (A D) (A C)) => (D) correct
(SDIFFERENCE (A D) (A C D)) => NIL correct
(SDIFFERENCE (A D) (A B)) => (D) correct
(SDIFFERENCE (A D) (A B D)) => NIL correct
(SDIFFERENCE (A D) (A B C)) => (D) correct
(SDIFFERENCE (A D) (A B C D)) => NIL correct
(SDIFFERENCE (A C) NIL) => (A C) correct
(SDIFFERENCE (A C) (D)) => (A C) correct
(SDIFFERENCE (A C) (C)) => (A) correct
(SDIFFERENCE (A C) (C D)) => (A) correct
(SDIFFERENCE (A C) (B)) => (A C) correct
(SDIFFERENCE (A C) (B D)) => (A C) correct
(SDIFFERENCE (A C) (B C)) => (A) correct
(SDIFFERENCE (A C) (B C D)) => (A) correct
(SDIFFERENCE (A C) (A)) => (C) correct
(SDIFFERENCE (A C) (A D)) => (C) correct
(SDIFFERENCE (A C) (A C)) => NIL correct
(SDIFFERENCE (A C) (A C D)) => NIL correct
(SDIFFERENCE (A C) (A B)) => (C) correct
(SDIFFERENCE (A C) (A B D)) => (C) correct
(SDIFFERENCE (A C) (A B C)) => NIL correct
(SDIFFERENCE (A C) (A B C D)) => NIL correct
(SDIFFERENCE (A C D) NIL) => (A C D) correct
(SDIFFERENCE (A C D) (D)) => (A C) correct
(SDIFFERENCE (A C D) (C)) => (A D) correct
(SDIFFERENCE (A C D) (C D)) => (A) correct
(SDIFFERENCE (A C D) (B)) => (A C D) correct
(SDIFFERENCE (A C D) (B D)) => (A C) correct
(SDIFFERENCE (A C D) (B C)) => (A D) correct
(SDIFFERENCE (A C D) (B C D)) => (A) correct
(SDIFFERENCE (A C D) (A)) => (C D) correct
(SDIFFERENCE (A C D) (A D)) => (C) correct
(SDIFFERENCE (A C D) (A C)) => (D) correct
(SDIFFERENCE (A C D) (A C D)) => NIL correct
(SDIFFERENCE (A C D) (A B)) => (C D) correct
(SDIFFERENCE (A C D) (A B D)) => (C) correct
(SDIFFERENCE (A C D) (A B C)) => (D) correct
(SDIFFERENCE (A C D) (A B C D)) => NIL correct
(SDIFFERENCE (A B) NIL) => (A B) correct
(SDIFFERENCE (A B) (D)) => (A B) correct
(SDIFFERENCE (A B) (C)) => (A B) correct
(SDIFFERENCE (A B) (C D)) => (A B) correct
(SDIFFERENCE (A B) (B)) => (A) correct
(SDIFFERENCE (A B) (B D)) => (A) correct
(SDIFFERENCE (A B) (B C)) => (A) correct
(SDIFFERENCE (A B) (B C D)) => (A) correct
(SDIFFERENCE (A B) (A)) => (B) correct
(SDIFFERENCE (A B) (A D)) => (B) correct
(SDIFFERENCE (A B) (A C)) => (B) correct
(SDIFFERENCE (A B) (A C D)) => (B) correct
(SDIFFERENCE (A B) (A B)) => NIL correct
(SDIFFERENCE (A B) (A B D)) => NIL correct
(SDIFFERENCE (A B) (A B C)) => NIL correct
(SDIFFERENCE (A B) (A B C D)) => NIL correct
(SDIFFERENCE (A B D) NIL) => (A B D) correct
(SDIFFERENCE (A B D) (D)) => (A B) correct
(SDIFFERENCE (A B D) (C)) => (A B D) correct
(SDIFFERENCE (A B D) (C D)) => (A B) correct
(SDIFFERENCE (A B D) (B)) => (A D) correct
(SDIFFERENCE (A B D) (B D)) => (A) correct
(SDIFFERENCE (A B D) (B C)) => (A D) correct
(SDIFFERENCE (A B D) (B C D)) => (A) correct
(SDIFFERENCE (A B D) (A)) => (B D) correct
(SDIFFERENCE (A B D) (A D)) => (B) correct
(SDIFFERENCE (A B D) (A C)) => (B D) correct
(SDIFFERENCE (A B D) (A C D)) => (B) correct
(SDIFFERENCE (A B D) (A B)) => (D) correct
(SDIFFERENCE (A B D) (A B D)) => NIL correct
(SDIFFERENCE (A B D) (A B C)) => (D) correct
(SDIFFERENCE (A B D) (A B C D)) => NIL correct
(SDIFFERENCE (A B C) NIL) => (A B C) correct
(SDIFFERENCE (A B C) (D)) => (A B C) correct
(SDIFFERENCE (A B C) (C)) => (A B) correct
(SDIFFERENCE (A B C) (C D)) => (A B) correct
(SDIFFERENCE (A B C) (B)) => (A C) correct
(SDIFFERENCE (A B C) (B D)) => (A C) correct
(SDIFFERENCE (A B C) (B C)) => (A) correct
(SDIFFERENCE (A B C) (B C D)) => (A) correct
(SDIFFERENCE (A B C) (A)) => (B C) correct
(SDIFFERENCE (A B C) (A D)) => (B C) correct
(SDIFFERENCE (A B C) (A C)) => (B) correct
(SDIFFERENCE (A B C) (A C D)) => (B) correct
(SDIFFERENCE (A B C) (A B)) => (C) correct
(SDIFFERENCE (A B C) (A B D)) => (C) correct
(SDIFFERENCE (A B C) (A B C)) => NIL correct
(SDIFFERENCE (A B C) (A B C D)) => NIL correct
(SDIFFERENCE (A B C D) NIL) => (A B C D) correct
(SDIFFERENCE (A B C D) (D)) => (A B C) correct
(SDIFFERENCE (A B C D) (C)) => (A B D) correct
(SDIFFERENCE (A B C D) (C D)) => (A B) correct
(SDIFFERENCE (A B C D) (B)) => (A C D) correct
(SDIFFERENCE (A B C D) (B D)) => (A C) correct
(SDIFFERENCE (A B C D) (B C)) => (A D) correct
(SDIFFERENCE (A B C D) (B C D)) => (A) correct
(SDIFFERENCE (A B C D) (A)) => (B C D) correct
(SDIFFERENCE (A B C D) (A D)) => (B C) correct
(SDIFFERENCE (A B C D) (A C)) => (B D) correct
(SDIFFERENCE (A B C D) (A C D)) => (B) correct
(SDIFFERENCE (A B C D) (A B)) => (C D) correct
(SDIFFERENCE (A B C D) (A B D)) => (C) correct
(SDIFFERENCE (A B C D) (A B C)) => (D) correct
(SDIFFERENCE (A B C D) (A B C D)) => NIL correct
