Username:  mcintym
Date:      Mon Feb 9 12:14:50 EST 2015
 
WARNING: (SETF FIND-CLASS): redefining class TERM in
         /home/mathcs/courses/cs319/my-hw-6.fas, was defined in
         /home/mathcs/users/spring12/mcintym/classes/cs319/homework/hw-6/hw-6.lisp
(POLY-STRING     0) => NIL INCORRECT
(POLY-STRING     1) => "  1" INCORRECT
(POLY-STRING     x) => "  1 x^1" INCORRECT
(POLY-STRING     3) => "  3" INCORRECT
(POLY-STRING     3 x) => "  3 x^1" INCORRECT
(POLY-STRING     -3) => " - 3" INCORRECT
(POLY-STRING     -3 x) => " - 3 x^1" INCORRECT
(POLY-STRING     2 x - 2) => "  2 x^1 - 2" INCORRECT
(POLY-STRING     2/3 x^2 + 4 x - 2) => "  2/3 x^2  4 x^1 - 2" INCORRECT
(POLY-STRING     -3/4 x^10 + 1/5 x^5) => " - 3/4 x^10  1/5 x^5" INCORRECT
(POLY-STRING     2 x^5 - 2 x^3 + 2) => "  2 x^5 - 2 x^3  2" INCORRECT
(POLY-STRING     3 x^10 - 2 x^8 + x^7 + 2 x^5 + 3 x^2 + x + 2) => "  3 x^10 - 2 x^8  1 x^7  2 x^5  3 x^2  1 x^1  2" INCORRECT
(POLY-DER     0) => 0 correct
(POLY-DER     1) => 0 correct
(POLY-DER     x) => 1 correct
(POLY-DER     3) => 0 correct
(POLY-DER     3 x) => 3 correct
(POLY-DER     -3) => 0 correct
(POLY-DER     -3 x) => -3 correct
(POLY-DER     2 x - 2) => 2 correct
(POLY-DER     2/3 x^2 + 4 x - 2) => 4/3 x + 4 correct
(POLY-DER     -3/4 x^10 + 1/5 x^5) => -15/2 x^9 + x^4 correct
(POLY-DER     2 x^5 - 2 x^3 + 2) => 10 x^4 - 6 x^2 correct
(POLY-DER     3 x^10 - 2 x^8 + x^7 + 2 x^5 + 3 x^2 + x + 2) => 30 x^9 - 16 x^7 + 7 x^6 + 10 x^4 + 6 x + 1 correct
(POLY-ADD     0     0) => 0 correct
(POLY-ADD     0     1) => 1 correct
(POLY-ADD     0     x) => x correct
(POLY-ADD     0     3) => 3 correct
(POLY-ADD     0     3 x) => 3 x correct
(POLY-ADD     0     -3) => -3 correct
(POLY-ADD     0     -3 x) => -3 x correct
(POLY-ADD     0     2 x - 2) => 2 x - 2 correct
(POLY-ADD     0     2/3 x^2 + 4 x - 2) => 2/3 x^2 + 4 x - 2 correct
(POLY-ADD     0     -3/4 x^10 + 1/5 x^5) => -3/4 x^10 + 1/5 x^5 correct
(POLY-ADD     0     2 x^5 - 2 x^3 + 2) => 2 x^5 - 2 x^3 + 2 correct
(POLY-ADD     0     3 x^10 - 2 x^8 + x^7 + 2 x^5 + 3 x^2 + x + 2) => 3 x^10 - 2 x^8 + x^7 + 2 x^5 + 3 x^2 + x + 2 correct
(POLY-ADD     1     0) => 1 correct
(POLY-ADD     1     1) => 2 correct
(POLY-ADD     1     x) => x + 1 correct
(POLY-ADD     1     3) => 4 correct
(POLY-ADD     1     3 x) => 3 x + 1 correct
(POLY-ADD     1     -3) => -2 correct
(POLY-ADD     1     -3 x) => -3 x + 1 correct
(POLY-ADD     1     2 x - 2) => 2 x - 1 correct
(POLY-ADD     1     2/3 x^2 + 4 x - 2) => 2/3 x^2 + 4 x - 1 correct
(POLY-ADD     1     -3/4 x^10 + 1/5 x^5) => -3/4 x^10 + 1/5 x^5 + 1 correct
(POLY-ADD     1     2 x^5 - 2 x^3 + 2) => 2 x^5 - 2 x^3 + 3 correct
(POLY-ADD     1     3 x^10 - 2 x^8 + x^7 + 2 x^5 + 3 x^2 + x + 2) => 3 x^10 - 2 x^8 + x^7 + 2 x^5 + 3 x^2 + x + 3 correct
(POLY-ADD     x     0) => x correct
(POLY-ADD     x     1) => x + 1 correct
(POLY-ADD     x     x) => 2 x correct
(POLY-ADD     x     3) => x + 3 correct
(POLY-ADD     x     3 x) => 4 x correct
(POLY-ADD     x     -3) => x - 3 correct
(POLY-ADD     x     -3 x) => -2 x correct
(POLY-ADD     x     2 x - 2) => 3 x - 2 correct
(POLY-ADD     x     2/3 x^2 + 4 x - 2) => 2/3 x^2 + 5 x - 2 correct
(POLY-ADD     x     -3/4 x^10 + 1/5 x^5) => -3/4 x^10 + 1/5 x^5 + x correct
(POLY-ADD     x     2 x^5 - 2 x^3 + 2) => 2 x^5 - 2 x^3 + x + 2 correct
(POLY-ADD     x     3 x^10 - 2 x^8 + x^7 + 2 x^5 + 3 x^2 + x + 2) => 3 x^10 - 2 x^8 + x^7 + 2 x^5 + 3 x^2 + 2 x + 2 correct
(POLY-ADD     3     0) => 3 correct
(POLY-ADD     3     1) => 4 correct
(POLY-ADD     3     x) => x + 3 correct
(POLY-ADD     3     3) => 6 correct
(POLY-ADD     3     3 x) => 3 x + 3 correct
(POLY-ADD     3     -3) => 0 correct
(POLY-ADD     3     -3 x) => -3 x + 3 correct
(POLY-ADD     3     2 x - 2) => 2 x + 1 correct
(POLY-ADD     3     2/3 x^2 + 4 x - 2) => 2/3 x^2 + 4 x + 1 correct
(POLY-ADD     3     -3/4 x^10 + 1/5 x^5) => -3/4 x^10 + 1/5 x^5 + 3 correct
(POLY-ADD     3     2 x^5 - 2 x^3 + 2) => 2 x^5 - 2 x^3 + 5 correct
(POLY-ADD     3     3 x^10 - 2 x^8 + x^7 + 2 x^5 + 3 x^2 + x + 2) => 3 x^10 - 2 x^8 + x^7 + 2 x^5 + 3 x^2 + x + 5 correct
(POLY-ADD     3 x     0) => 3 x correct
(POLY-ADD     3 x     1) => 3 x + 1 correct
(POLY-ADD     3 x     x) => 4 x correct
(POLY-ADD     3 x     3) => 3 x + 3 correct
(POLY-ADD     3 x     3 x) => 6 x correct
(POLY-ADD     3 x     -3) => 3 x - 3 correct
(POLY-ADD     3 x     -3 x) => 0 correct
(POLY-ADD     3 x     2 x - 2) => 5 x - 2 correct
(POLY-ADD     3 x     2/3 x^2 + 4 x - 2) => 2/3 x^2 + 7 x - 2 correct
(POLY-ADD     3 x     -3/4 x^10 + 1/5 x^5) => -3/4 x^10 + 1/5 x^5 + 3 x correct
(POLY-ADD     3 x     2 x^5 - 2 x^3 + 2) => 2 x^5 - 2 x^3 + 3 x + 2 correct
(POLY-ADD     3 x     3 x^10 - 2 x^8 + x^7 + 2 x^5 + 3 x^2 + x + 2) => 3 x^10 - 2 x^8 + x^7 + 2 x^5 + 3 x^2 + 4 x + 2 correct
(POLY-ADD     -3     0) => -3 correct
(POLY-ADD     -3     1) => -2 correct
(POLY-ADD     -3     x) => x - 3 correct
(POLY-ADD     -3     3) => 0 correct
(POLY-ADD     -3     3 x) => 3 x - 3 correct
(POLY-ADD     -3     -3) => -6 correct
(POLY-ADD     -3     -3 x) => -3 x - 3 correct
(POLY-ADD     -3     2 x - 2) => 2 x - 5 correct
(POLY-ADD     -3     2/3 x^2 + 4 x - 2) => 2/3 x^2 + 4 x - 5 correct
(POLY-ADD     -3     -3/4 x^10 + 1/5 x^5) => -3/4 x^10 + 1/5 x^5 - 3 correct
(POLY-ADD     -3     2 x^5 - 2 x^3 + 2) => 2 x^5 - 2 x^3 - 1 correct
(POLY-ADD     -3     3 x^10 - 2 x^8 + x^7 + 2 x^5 + 3 x^2 + x + 2) => 3 x^10 - 2 x^8 + x^7 + 2 x^5 + 3 x^2 + x - 1 correct
(POLY-ADD     -3 x     0) => -3 x correct
(POLY-ADD     -3 x     1) => -3 x + 1 correct
(POLY-ADD     -3 x     x) => -2 x correct
(POLY-ADD     -3 x     3) => -3 x + 3 correct
(POLY-ADD     -3 x     3 x) => 0 correct
(POLY-ADD     -3 x     -3) => -3 x - 3 correct
(POLY-ADD     -3 x     -3 x) => -6 x correct
(POLY-ADD     -3 x     2 x - 2) => -1 x - 2 correct
(POLY-ADD     -3 x     2/3 x^2 + 4 x - 2) => 2/3 x^2 + x - 2 correct
(POLY-ADD     -3 x     -3/4 x^10 + 1/5 x^5) => -3/4 x^10 + 1/5 x^5 - 3 x correct
(POLY-ADD     -3 x     2 x^5 - 2 x^3 + 2) => 2 x^5 - 2 x^3 - 3 x + 2 correct
(POLY-ADD     -3 x     3 x^10 - 2 x^8 + x^7 + 2 x^5 + 3 x^2 + x + 2) => 3 x^10 - 2 x^8 + x^7 + 2 x^5 + 3 x^2 - 2 x + 2 correct
(POLY-ADD     2 x - 2     0) => 2 x - 2 correct
(POLY-ADD     2 x - 2     1) => 2 x - 1 correct
(POLY-ADD     2 x - 2     x) => 3 x - 2 correct
(POLY-ADD     2 x - 2     3) => 2 x + 1 correct
(POLY-ADD     2 x - 2     3 x) => 5 x - 2 correct
(POLY-ADD     2 x - 2     -3) => 2 x - 5 correct
(POLY-ADD     2 x - 2     -3 x) => -1 x - 2 correct
(POLY-ADD     2 x - 2     2 x - 2) => 4 x - 4 correct
(POLY-ADD     2 x - 2     2/3 x^2 + 4 x - 2) => 2/3 x^2 + 6 x - 4 correct
(POLY-ADD     2 x - 2     -3/4 x^10 + 1/5 x^5) => -3/4 x^10 + 1/5 x^5 + 2 x - 2 correct
(POLY-ADD     2 x - 2     2 x^5 - 2 x^3 + 2) => 2 x^5 - 2 x^3 + 2 x correct
(POLY-ADD     2 x - 2     3 x^10 - 2 x^8 + x^7 + 2 x^5 + 3 x^2 + x + 2) => 3 x^10 - 2 x^8 + x^7 + 2 x^5 + 3 x^2 + 3 x correct
(POLY-ADD     2/3 x^2 + 4 x - 2     0) => 2/3 x^2 + 4 x - 2 correct
(POLY-ADD     2/3 x^2 + 4 x - 2     1) => 2/3 x^2 + 4 x - 1 correct
(POLY-ADD     2/3 x^2 + 4 x - 2     x) => 2/3 x^2 + 5 x - 2 correct
(POLY-ADD     2/3 x^2 + 4 x - 2     3) => 2/3 x^2 + 4 x + 1 correct
(POLY-ADD     2/3 x^2 + 4 x - 2     3 x) => 2/3 x^2 + 7 x - 2 correct
(POLY-ADD     2/3 x^2 + 4 x - 2     -3) => 2/3 x^2 + 4 x - 5 correct
(POLY-ADD     2/3 x^2 + 4 x - 2     -3 x) => 2/3 x^2 + x - 2 correct
(POLY-ADD     2/3 x^2 + 4 x - 2     2 x - 2) => 2/3 x^2 + 6 x - 4 correct
(POLY-ADD     2/3 x^2 + 4 x - 2     2/3 x^2 + 4 x - 2) => 4/3 x^2 + 8 x - 4 correct
(POLY-ADD     2/3 x^2 + 4 x - 2     -3/4 x^10 + 1/5 x^5) => -3/4 x^10 + 1/5 x^5 + 2/3 x^2 + 4 x - 2 correct
(POLY-ADD     2/3 x^2 + 4 x - 2     2 x^5 - 2 x^3 + 2) => 2 x^5 - 2 x^3 + 2/3 x^2 + 4 x correct
(POLY-ADD     2/3 x^2 + 4 x - 2     3 x^10 - 2 x^8 + x^7 + 2 x^5 + 3 x^2 + x + 2) => 3 x^10 - 2 x^8 + x^7 + 2 x^5 + 11/3 x^2 + 5 x correct
(POLY-ADD     -3/4 x^10 + 1/5 x^5     0) => -3/4 x^10 + 1/5 x^5 correct
(POLY-ADD     -3/4 x^10 + 1/5 x^5     1) => -3/4 x^10 + 1/5 x^5 + 1 correct
(POLY-ADD     -3/4 x^10 + 1/5 x^5     x) => -3/4 x^10 + 1/5 x^5 + x correct
(POLY-ADD     -3/4 x^10 + 1/5 x^5     3) => -3/4 x^10 + 1/5 x^5 + 3 correct
(POLY-ADD     -3/4 x^10 + 1/5 x^5     3 x) => -3/4 x^10 + 1/5 x^5 + 3 x correct
(POLY-ADD     -3/4 x^10 + 1/5 x^5     -3) => -3/4 x^10 + 1/5 x^5 - 3 correct
(POLY-ADD     -3/4 x^10 + 1/5 x^5     -3 x) => -3/4 x^10 + 1/5 x^5 - 3 x correct
(POLY-ADD     -3/4 x^10 + 1/5 x^5     2 x - 2) => -3/4 x^10 + 1/5 x^5 + 2 x - 2 correct
(POLY-ADD     -3/4 x^10 + 1/5 x^5     2/3 x^2 + 4 x - 2) => -3/4 x^10 + 1/5 x^5 + 2/3 x^2 + 4 x - 2 correct
(POLY-ADD     -3/4 x^10 + 1/5 x^5     -3/4 x^10 + 1/5 x^5) => -3/2 x^10 + 2/5 x^5 correct
(POLY-ADD     -3/4 x^10 + 1/5 x^5     2 x^5 - 2 x^3 + 2) => -3/4 x^10 + 11/5 x^5 - 2 x^3 + 2 correct
(POLY-ADD     -3/4 x^10 + 1/5 x^5     3 x^10 - 2 x^8 + x^7 + 2 x^5 + 3 x^2 + x + 2) => 9/4 x^10 - 2 x^8 + x^7 + 11/5 x^5 + 3 x^2 + x + 2 correct
(POLY-ADD     2 x^5 - 2 x^3 + 2     0) => 2 x^5 - 2 x^3 + 2 correct
(POLY-ADD     2 x^5 - 2 x^3 + 2     1) => 2 x^5 - 2 x^3 + 3 correct
(POLY-ADD     2 x^5 - 2 x^3 + 2     x) => 2 x^5 - 2 x^3 + x + 2 correct
(POLY-ADD     2 x^5 - 2 x^3 + 2     3) => 2 x^5 - 2 x^3 + 5 correct
(POLY-ADD     2 x^5 - 2 x^3 + 2     3 x) => 2 x^5 - 2 x^3 + 3 x + 2 correct
(POLY-ADD     2 x^5 - 2 x^3 + 2     -3) => 2 x^5 - 2 x^3 - 1 correct
(POLY-ADD     2 x^5 - 2 x^3 + 2     -3 x) => 2 x^5 - 2 x^3 - 3 x + 2 correct
(POLY-ADD     2 x^5 - 2 x^3 + 2     2 x - 2) => 2 x^5 - 2 x^3 + 2 x correct
(POLY-ADD     2 x^5 - 2 x^3 + 2     2/3 x^2 + 4 x - 2) => 2 x^5 - 2 x^3 + 2/3 x^2 + 4 x correct
(POLY-ADD     2 x^5 - 2 x^3 + 2     -3/4 x^10 + 1/5 x^5) => -3/4 x^10 + 11/5 x^5 - 2 x^3 + 2 correct
(POLY-ADD     2 x^5 - 2 x^3 + 2     2 x^5 - 2 x^3 + 2) => 4 x^5 - 4 x^3 + 4 correct
(POLY-ADD     2 x^5 - 2 x^3 + 2     3 x^10 - 2 x^8 + x^7 + 2 x^5 + 3 x^2 + x + 2) => 3 x^10 - 2 x^8 + x^7 + 4 x^5 - 2 x^3 + 3 x^2 + x + 4 correct
(POLY-ADD     3 x^10 - 2 x^8 + x^7 + 2 x^5 + 3 x^2 + x + 2     0) => 3 x^10 - 2 x^8 + x^7 + 2 x^5 + 3 x^2 + x + 2 correct
(POLY-ADD     3 x^10 - 2 x^8 + x^7 + 2 x^5 + 3 x^2 + x + 2     1) => 3 x^10 - 2 x^8 + x^7 + 2 x^5 + 3 x^2 + x + 3 correct
(POLY-ADD     3 x^10 - 2 x^8 + x^7 + 2 x^5 + 3 x^2 + x + 2     x) => 3 x^10 - 2 x^8 + x^7 + 2 x^5 + 3 x^2 + 2 x + 2 correct
(POLY-ADD     3 x^10 - 2 x^8 + x^7 + 2 x^5 + 3 x^2 + x + 2     3) => 3 x^10 - 2 x^8 + x^7 + 2 x^5 + 3 x^2 + x + 5 correct
(POLY-ADD     3 x^10 - 2 x^8 + x^7 + 2 x^5 + 3 x^2 + x + 2     3 x) => 3 x^10 - 2 x^8 + x^7 + 2 x^5 + 3 x^2 + 4 x + 2 correct
(POLY-ADD     3 x^10 - 2 x^8 + x^7 + 2 x^5 + 3 x^2 + x + 2     -3) => 3 x^10 - 2 x^8 + x^7 + 2 x^5 + 3 x^2 + x - 1 correct
(POLY-ADD     3 x^10 - 2 x^8 + x^7 + 2 x^5 + 3 x^2 + x + 2     -3 x) => 3 x^10 - 2 x^8 + x^7 + 2 x^5 + 3 x^2 - 2 x + 2 correct
(POLY-ADD     3 x^10 - 2 x^8 + x^7 + 2 x^5 + 3 x^2 + x + 2     2 x - 2) => 3 x^10 - 2 x^8 + x^7 + 2 x^5 + 3 x^2 + 3 x correct
(POLY-ADD     3 x^10 - 2 x^8 + x^7 + 2 x^5 + 3 x^2 + x + 2     2/3 x^2 + 4 x - 2) => 3 x^10 - 2 x^8 + x^7 + 2 x^5 + 11/3 x^2 + 5 x correct
(POLY-ADD     3 x^10 - 2 x^8 + x^7 + 2 x^5 + 3 x^2 + x + 2     -3/4 x^10 + 1/5 x^5) => 9/4 x^10 - 2 x^8 + x^7 + 11/5 x^5 + 3 x^2 + x + 2 correct
(POLY-ADD     3 x^10 - 2 x^8 + x^7 + 2 x^5 + 3 x^2 + x + 2     2 x^5 - 2 x^3 + 2) => 3 x^10 - 2 x^8 + x^7 + 4 x^5 - 2 x^3 + 3 x^2 + x + 4 correct
(POLY-ADD     3 x^10 - 2 x^8 + x^7 + 2 x^5 + 3 x^2 + x + 2     3 x^10 - 2 x^8 + x^7 + 2 x^5 + 3 x^2 + x + 2) => 6 x^10 - 4 x^8 + 2 x^7 + 4 x^5 + 6 x^2 + 2 x + 4 correct
(POLY-SUB     0     0) => 0 correct
(POLY-SUB     0     1) => -1 correct
(POLY-SUB     0     x) => -1 x correct
(POLY-SUB     0     3) => -3 correct
(POLY-SUB     0     3 x) => -3 x correct
(POLY-SUB     0     -3) => 3 correct
(POLY-SUB     0     -3 x) => 3 x correct
(POLY-SUB     0     2 x - 2) => -2 x + 2 correct
(POLY-SUB     0     2/3 x^2 + 4 x - 2) => -2/3 x^2 - 4 x + 2 correct
(POLY-SUB     0     -3/4 x^10 + 1/5 x^5) => 3/4 x^10 - 1/5 x^5 correct
(POLY-SUB     0     2 x^5 - 2 x^3 + 2) => -2 x^5 + 2 x^3 - 2 correct
(POLY-SUB     0     3 x^10 - 2 x^8 + x^7 + 2 x^5 + 3 x^2 + x + 2) => -3 x^10 + 2 x^8 - x^7 - 2 x^5 - 3 x^2 - 1 x - 2 correct
(POLY-SUB     1     0) => 1 correct
(POLY-SUB     1     1) => 0 correct
(POLY-SUB     1     x) => -1 x + 1 correct
(POLY-SUB     1     3) => -2 correct
(POLY-SUB     1     3 x) => -3 x + 1 correct
(POLY-SUB     1     -3) => 4 correct
(POLY-SUB     1     -3 x) => 3 x + 1 correct
(POLY-SUB     1     2 x - 2) => -2 x + 3 correct
(POLY-SUB     1     2/3 x^2 + 4 x - 2) => -2/3 x^2 - 4 x + 3 correct
(POLY-SUB     1     -3/4 x^10 + 1/5 x^5) => 3/4 x^10 - 1/5 x^5 + 1 correct
(POLY-SUB     1     2 x^5 - 2 x^3 + 2) => -2 x^5 + 2 x^3 - 1 correct
(POLY-SUB     1     3 x^10 - 2 x^8 + x^7 + 2 x^5 + 3 x^2 + x + 2) => -3 x^10 + 2 x^8 - x^7 - 2 x^5 - 3 x^2 - 1 x - 1 correct
(POLY-SUB     x     0) => x correct
(POLY-SUB     x     1) => x - 1 correct
(POLY-SUB     x     x) => 0 correct
(POLY-SUB     x     3) => x - 3 correct
(POLY-SUB     x     3 x) => -2 x correct
(POLY-SUB     x     -3) => x + 3 correct
(POLY-SUB     x     -3 x) => 4 x correct
(POLY-SUB     x     2 x - 2) => -1 x + 2 correct
(POLY-SUB     x     2/3 x^2 + 4 x - 2) => -2/3 x^2 - 3 x + 2 correct
(POLY-SUB     x     -3/4 x^10 + 1/5 x^5) => 3/4 x^10 - 1/5 x^5 + x correct
(POLY-SUB     x     2 x^5 - 2 x^3 + 2) => -2 x^5 + 2 x^3 + x - 2 correct
(POLY-SUB     x     3 x^10 - 2 x^8 + x^7 + 2 x^5 + 3 x^2 + x + 2) => -3 x^10 + 2 x^8 - x^7 - 2 x^5 - 3 x^2 - 2 correct
(POLY-SUB     3     0) => 3 correct
(POLY-SUB     3     1) => 2 correct
(POLY-SUB     3     x) => -1 x + 3 correct
(POLY-SUB     3     3) => 0 correct
(POLY-SUB     3     3 x) => -3 x + 3 correct
(POLY-SUB     3     -3) => 6 correct
(POLY-SUB     3     -3 x) => 3 x + 3 correct
(POLY-SUB     3     2 x - 2) => -2 x + 5 correct
(POLY-SUB     3     2/3 x^2 + 4 x - 2) => -2/3 x^2 - 4 x + 5 correct
(POLY-SUB     3     -3/4 x^10 + 1/5 x^5) => 3/4 x^10 - 1/5 x^5 + 3 correct
(POLY-SUB     3     2 x^5 - 2 x^3 + 2) => -2 x^5 + 2 x^3 + 1 correct
(POLY-SUB     3     3 x^10 - 2 x^8 + x^7 + 2 x^5 + 3 x^2 + x + 2) => -3 x^10 + 2 x^8 - x^7 - 2 x^5 - 3 x^2 - 1 x + 1 correct
(POLY-SUB     3 x     0) => 3 x correct
(POLY-SUB     3 x     1) => 3 x - 1 correct
(POLY-SUB     3 x     x) => 2 x correct
(POLY-SUB     3 x     3) => 3 x - 3 correct
(POLY-SUB     3 x     3 x) => 0 correct
(POLY-SUB     3 x     -3) => 3 x + 3 correct
(POLY-SUB     3 x     -3 x) => 6 x correct
(POLY-SUB     3 x     2 x - 2) => x + 2 correct
(POLY-SUB     3 x     2/3 x^2 + 4 x - 2) => -2/3 x^2 - 1 x + 2 correct
(POLY-SUB     3 x     -3/4 x^10 + 1/5 x^5) => 3/4 x^10 - 1/5 x^5 + 3 x correct
(POLY-SUB     3 x     2 x^5 - 2 x^3 + 2) => -2 x^5 + 2 x^3 + 3 x - 2 correct
(POLY-SUB     3 x     3 x^10 - 2 x^8 + x^7 + 2 x^5 + 3 x^2 + x + 2) => -3 x^10 + 2 x^8 - x^7 - 2 x^5 - 3 x^2 + 2 x - 2 correct
(POLY-SUB     -3     0) => -3 correct
(POLY-SUB     -3     1) => -4 correct
(POLY-SUB     -3     x) => -1 x - 3 correct
(POLY-SUB     -3     3) => -6 correct
(POLY-SUB     -3     3 x) => -3 x - 3 correct
(POLY-SUB     -3     -3) => 0 correct
(POLY-SUB     -3     -3 x) => 3 x - 3 correct
(POLY-SUB     -3     2 x - 2) => -2 x - 1 correct
(POLY-SUB     -3     2/3 x^2 + 4 x - 2) => -2/3 x^2 - 4 x - 1 correct
(POLY-SUB     -3     -3/4 x^10 + 1/5 x^5) => 3/4 x^10 - 1/5 x^5 - 3 correct
(POLY-SUB     -3     2 x^5 - 2 x^3 + 2) => -2 x^5 + 2 x^3 - 5 correct
(POLY-SUB     -3     3 x^10 - 2 x^8 + x^7 + 2 x^5 + 3 x^2 + x + 2) => -3 x^10 + 2 x^8 - x^7 - 2 x^5 - 3 x^2 - 1 x - 5 correct
(POLY-SUB     -3 x     0) => -3 x correct
(POLY-SUB     -3 x     1) => -3 x - 1 correct
(POLY-SUB     -3 x     x) => -4 x correct
(POLY-SUB     -3 x     3) => -3 x - 3 correct
(POLY-SUB     -3 x     3 x) => -6 x correct
(POLY-SUB     -3 x     -3) => -3 x + 3 correct
(POLY-SUB     -3 x     -3 x) => 0 correct
(POLY-SUB     -3 x     2 x - 2) => -5 x + 2 correct
(POLY-SUB     -3 x     2/3 x^2 + 4 x - 2) => -2/3 x^2 - 7 x + 2 correct
(POLY-SUB     -3 x     -3/4 x^10 + 1/5 x^5) => 3/4 x^10 - 1/5 x^5 - 3 x correct
(POLY-SUB     -3 x     2 x^5 - 2 x^3 + 2) => -2 x^5 + 2 x^3 - 3 x - 2 correct
(POLY-SUB     -3 x     3 x^10 - 2 x^8 + x^7 + 2 x^5 + 3 x^2 + x + 2) => -3 x^10 + 2 x^8 - x^7 - 2 x^5 - 3 x^2 - 4 x - 2 correct
(POLY-SUB     2 x - 2     0) => 2 x - 2 correct
(POLY-SUB     2 x - 2     1) => 2 x - 3 correct
(POLY-SUB     2 x - 2     x) => x - 2 correct
(POLY-SUB     2 x - 2     3) => 2 x - 5 correct
(POLY-SUB     2 x - 2     3 x) => -1 x - 2 correct
(POLY-SUB     2 x - 2     -3) => 2 x + 1 correct
(POLY-SUB     2 x - 2     -3 x) => 5 x - 2 correct
(POLY-SUB     2 x - 2     2 x - 2) => 0 correct
(POLY-SUB     2 x - 2     2/3 x^2 + 4 x - 2) => -2/3 x^2 - 2 x correct
(POLY-SUB     2 x - 2     -3/4 x^10 + 1/5 x^5) => 3/4 x^10 - 1/5 x^5 + 2 x - 2 correct
(POLY-SUB     2 x - 2     2 x^5 - 2 x^3 + 2) => -2 x^5 + 2 x^3 + 2 x - 4 correct
(POLY-SUB     2 x - 2     3 x^10 - 2 x^8 + x^7 + 2 x^5 + 3 x^2 + x + 2) => -3 x^10 + 2 x^8 - x^7 - 2 x^5 - 3 x^2 + x - 4 correct
(POLY-SUB     2/3 x^2 + 4 x - 2     0) => 2/3 x^2 + 4 x - 2 correct
(POLY-SUB     2/3 x^2 + 4 x - 2     1) => 2/3 x^2 + 4 x - 3 correct
(POLY-SUB     2/3 x^2 + 4 x - 2     x) => 2/3 x^2 + 3 x - 2 correct
(POLY-SUB     2/3 x^2 + 4 x - 2     3) => 2/3 x^2 + 4 x - 5 correct
(POLY-SUB     2/3 x^2 + 4 x - 2     3 x) => 2/3 x^2 + x - 2 correct
(POLY-SUB     2/3 x^2 + 4 x - 2     -3) => 2/3 x^2 + 4 x + 1 correct
(POLY-SUB     2/3 x^2 + 4 x - 2     -3 x) => 2/3 x^2 + 7 x - 2 correct
(POLY-SUB     2/3 x^2 + 4 x - 2     2 x - 2) => 2/3 x^2 + 2 x correct
(POLY-SUB     2/3 x^2 + 4 x - 2     2/3 x^2 + 4 x - 2) => 0 correct
(POLY-SUB     2/3 x^2 + 4 x - 2     -3/4 x^10 + 1/5 x^5) => 3/4 x^10 - 1/5 x^5 + 2/3 x^2 + 4 x - 2 correct
(POLY-SUB     2/3 x^2 + 4 x - 2     2 x^5 - 2 x^3 + 2) => -2 x^5 + 2 x^3 + 2/3 x^2 + 4 x - 4 correct
(POLY-SUB     2/3 x^2 + 4 x - 2     3 x^10 - 2 x^8 + x^7 + 2 x^5 + 3 x^2 + x + 2) => -3 x^10 + 2 x^8 - x^7 - 2 x^5 - 7/3 x^2 + 3 x - 4 correct
(POLY-SUB     -3/4 x^10 + 1/5 x^5     0) => -3/4 x^10 + 1/5 x^5 correct
(POLY-SUB     -3/4 x^10 + 1/5 x^5     1) => -3/4 x^10 + 1/5 x^5 - 1 correct
(POLY-SUB     -3/4 x^10 + 1/5 x^5     x) => -3/4 x^10 + 1/5 x^5 - 1 x correct
(POLY-SUB     -3/4 x^10 + 1/5 x^5     3) => -3/4 x^10 + 1/5 x^5 - 3 correct
(POLY-SUB     -3/4 x^10 + 1/5 x^5     3 x) => -3/4 x^10 + 1/5 x^5 - 3 x correct
(POLY-SUB     -3/4 x^10 + 1/5 x^5     -3) => -3/4 x^10 + 1/5 x^5 + 3 correct
(POLY-SUB     -3/4 x^10 + 1/5 x^5     -3 x) => -3/4 x^10 + 1/5 x^5 + 3 x correct
(POLY-SUB     -3/4 x^10 + 1/5 x^5     2 x - 2) => -3/4 x^10 + 1/5 x^5 - 2 x + 2 correct
(POLY-SUB     -3/4 x^10 + 1/5 x^5     2/3 x^2 + 4 x - 2) => -3/4 x^10 + 1/5 x^5 - 2/3 x^2 - 4 x + 2 correct
(POLY-SUB     -3/4 x^10 + 1/5 x^5     -3/4 x^10 + 1/5 x^5) => 0 correct
(POLY-SUB     -3/4 x^10 + 1/5 x^5     2 x^5 - 2 x^3 + 2) => -3/4 x^10 - 9/5 x^5 + 2 x^3 - 2 correct
(POLY-SUB     -3/4 x^10 + 1/5 x^5     3 x^10 - 2 x^8 + x^7 + 2 x^5 + 3 x^2 + x + 2) => -15/4 x^10 + 2 x^8 - x^7 - 9/5 x^5 - 3 x^2 - 1 x - 2 correct
(POLY-SUB     2 x^5 - 2 x^3 + 2     0) => 2 x^5 - 2 x^3 + 2 correct
(POLY-SUB     2 x^5 - 2 x^3 + 2     1) => 2 x^5 - 2 x^3 + 1 correct
(POLY-SUB     2 x^5 - 2 x^3 + 2     x) => 2 x^5 - 2 x^3 - 1 x + 2 correct
(POLY-SUB     2 x^5 - 2 x^3 + 2     3) => 2 x^5 - 2 x^3 - 1 correct
(POLY-SUB     2 x^5 - 2 x^3 + 2     3 x) => 2 x^5 - 2 x^3 - 3 x + 2 correct
(POLY-SUB     2 x^5 - 2 x^3 + 2     -3) => 2 x^5 - 2 x^3 + 5 correct
(POLY-SUB     2 x^5 - 2 x^3 + 2     -3 x) => 2 x^5 - 2 x^3 + 3 x + 2 correct
(POLY-SUB     2 x^5 - 2 x^3 + 2     2 x - 2) => 2 x^5 - 2 x^3 - 2 x + 4 correct
(POLY-SUB     2 x^5 - 2 x^3 + 2     2/3 x^2 + 4 x - 2) => 2 x^5 - 2 x^3 - 2/3 x^2 - 4 x + 4 correct
(POLY-SUB     2 x^5 - 2 x^3 + 2     -3/4 x^10 + 1/5 x^5) => 3/4 x^10 + 9/5 x^5 - 2 x^3 + 2 correct
(POLY-SUB     2 x^5 - 2 x^3 + 2     2 x^5 - 2 x^3 + 2) => 0 correct
(POLY-SUB     2 x^5 - 2 x^3 + 2     3 x^10 - 2 x^8 + x^7 + 2 x^5 + 3 x^2 + x + 2) => -3 x^10 + 2 x^8 - x^7 - 2 x^3 - 3 x^2 - 1 x correct
(POLY-SUB     3 x^10 - 2 x^8 + x^7 + 2 x^5 + 3 x^2 + x + 2     0) => 3 x^10 - 2 x^8 + x^7 + 2 x^5 + 3 x^2 + x + 2 correct
(POLY-SUB     3 x^10 - 2 x^8 + x^7 + 2 x^5 + 3 x^2 + x + 2     1) => 3 x^10 - 2 x^8 + x^7 + 2 x^5 + 3 x^2 + x + 1 correct
(POLY-SUB     3 x^10 - 2 x^8 + x^7 + 2 x^5 + 3 x^2 + x + 2     x) => 3 x^10 - 2 x^8 + x^7 + 2 x^5 + 3 x^2 + 2 correct
(POLY-SUB     3 x^10 - 2 x^8 + x^7 + 2 x^5 + 3 x^2 + x + 2     3) => 3 x^10 - 2 x^8 + x^7 + 2 x^5 + 3 x^2 + x - 1 correct
(POLY-SUB     3 x^10 - 2 x^8 + x^7 + 2 x^5 + 3 x^2 + x + 2     3 x) => 3 x^10 - 2 x^8 + x^7 + 2 x^5 + 3 x^2 - 2 x + 2 correct
(POLY-SUB     3 x^10 - 2 x^8 + x^7 + 2 x^5 + 3 x^2 + x + 2     -3) => 3 x^10 - 2 x^8 + x^7 + 2 x^5 + 3 x^2 + x + 5 correct
(POLY-SUB     3 x^10 - 2 x^8 + x^7 + 2 x^5 + 3 x^2 + x + 2     -3 x) => 3 x^10 - 2 x^8 + x^7 + 2 x^5 + 3 x^2 + 4 x + 2 correct
(POLY-SUB     3 x^10 - 2 x^8 + x^7 + 2 x^5 + 3 x^2 + x + 2     2 x - 2) => 3 x^10 - 2 x^8 + x^7 + 2 x^5 + 3 x^2 - 1 x + 4 correct
(POLY-SUB     3 x^10 - 2 x^8 + x^7 + 2 x^5 + 3 x^2 + x + 2     2/3 x^2 + 4 x - 2) => 3 x^10 - 2 x^8 + x^7 + 2 x^5 + 7/3 x^2 - 3 x + 4 correct
(POLY-SUB     3 x^10 - 2 x^8 + x^7 + 2 x^5 + 3 x^2 + x + 2     -3/4 x^10 + 1/5 x^5) => 15/4 x^10 - 2 x^8 + x^7 + 9/5 x^5 + 3 x^2 + x + 2 correct
(POLY-SUB     3 x^10 - 2 x^8 + x^7 + 2 x^5 + 3 x^2 + x + 2     2 x^5 - 2 x^3 + 2) => 3 x^10 - 2 x^8 + x^7 + 2 x^3 + 3 x^2 + x correct
(POLY-SUB     3 x^10 - 2 x^8 + x^7 + 2 x^5 + 3 x^2 + x + 2     3 x^10 - 2 x^8 + x^7 + 2 x^5 + 3 x^2 + x + 2) => 0 correct
(POLY-MUL     0     0) => 0 correct
(POLY-MUL     0     1) => 0 correct
(POLY-MUL     0     x) => 0 correct
(POLY-MUL     0     3) => 0 correct
(POLY-MUL     0     3 x) => 0 correct
(POLY-MUL     0     -3) => 0 correct
(POLY-MUL     0     -3 x) => 0 correct
(POLY-MUL     0     2 x - 2) => 0 correct
(POLY-MUL     0     2/3 x^2 + 4 x - 2) => 0 correct
(POLY-MUL     0     -3/4 x^10 + 1/5 x^5) => 0 correct
(POLY-MUL     0     2 x^5 - 2 x^3 + 2) => 0 correct
(POLY-MUL     0     3 x^10 - 2 x^8 + x^7 + 2 x^5 + 3 x^2 + x + 2) => 0 correct
(POLY-MUL     1     0) => 0 correct
(POLY-MUL     1     1) => 1 correct
(POLY-MUL     1     x) => x correct
(POLY-MUL     1     3) => 3 correct
(POLY-MUL     1     3 x) => 3 x correct
(POLY-MUL     1     -3) => -3 correct
(POLY-MUL     1     -3 x) => -3 x correct
(POLY-MUL     1     2 x - 2) => 2 x - 2 correct
(POLY-MUL     1     2/3 x^2 + 4 x - 2) => 2/3 x^2 + 4 x - 2 correct
(POLY-MUL     1     -3/4 x^10 + 1/5 x^5) => -3/4 x^10 + 1/5 x^5 correct
(POLY-MUL     1     2 x^5 - 2 x^3 + 2) => 2 x^5 - 2 x^3 + 2 correct
(POLY-MUL     1     3 x^10 - 2 x^8 + x^7 + 2 x^5 + 3 x^2 + x + 2) => 3 x^10 - 2 x^8 + x^7 + 2 x^5 + 3 x^2 + x + 2 correct
(POLY-MUL     x     0) => 0 correct
(POLY-MUL     x     1) => x correct
(POLY-MUL     x     x) => x^2 correct
(POLY-MUL     x     3) => 3 x correct
(POLY-MUL     x     3 x) => 3 x^2 correct
(POLY-MUL     x     -3) => -3 x correct
(POLY-MUL     x     -3 x) => -3 x^2 correct
(POLY-MUL     x     2 x - 2) => 2 x^2 - 2 x correct
(POLY-MUL     x     2/3 x^2 + 4 x - 2) => 2/3 x^3 + 4 x^2 - 2 x correct
(POLY-MUL     x     -3/4 x^10 + 1/5 x^5) => -3/4 x^11 + 1/5 x^6 correct
(POLY-MUL     x     2 x^5 - 2 x^3 + 2) => 2 x^6 - 2 x^4 + 2 x correct
(POLY-MUL     x     3 x^10 - 2 x^8 + x^7 + 2 x^5 + 3 x^2 + x + 2) => 3 x^11 - 2 x^9 + x^8 + 2 x^6 + 3 x^3 + x^2 + 2 x correct
(POLY-MUL     3     0) => 0 correct
(POLY-MUL     3     1) => 3 correct
(POLY-MUL     3     x) => 3 x correct
(POLY-MUL     3     3) => 9 correct
(POLY-MUL     3     3 x) => 9 x correct
(POLY-MUL     3     -3) => -9 correct
(POLY-MUL     3     -3 x) => -9 x correct
(POLY-MUL     3     2 x - 2) => 6 x - 6 correct
(POLY-MUL     3     2/3 x^2 + 4 x - 2) => 2 x^2 + 12 x - 6 correct
(POLY-MUL     3     -3/4 x^10 + 1/5 x^5) => -9/4 x^10 + 3/5 x^5 correct
(POLY-MUL     3     2 x^5 - 2 x^3 + 2) => 6 x^5 - 6 x^3 + 6 correct
(POLY-MUL     3     3 x^10 - 2 x^8 + x^7 + 2 x^5 + 3 x^2 + x + 2) => 9 x^10 - 6 x^8 + 3 x^7 + 6 x^5 + 9 x^2 + 3 x + 6 correct
(POLY-MUL     3 x     0) => 0 correct
(POLY-MUL     3 x     1) => 3 x correct
(POLY-MUL     3 x     x) => 3 x^2 correct
(POLY-MUL     3 x     3) => 9 x correct
(POLY-MUL     3 x     3 x) => 9 x^2 correct
(POLY-MUL     3 x     -3) => -9 x correct
(POLY-MUL     3 x     -3 x) => -9 x^2 correct
(POLY-MUL     3 x     2 x - 2) => 6 x^2 - 6 x correct
(POLY-MUL     3 x     2/3 x^2 + 4 x - 2) => 2 x^3 + 12 x^2 - 6 x correct
(POLY-MUL     3 x     -3/4 x^10 + 1/5 x^5) => -9/4 x^11 + 3/5 x^6 correct
(POLY-MUL     3 x     2 x^5 - 2 x^3 + 2) => 6 x^6 - 6 x^4 + 6 x correct
(POLY-MUL     3 x     3 x^10 - 2 x^8 + x^7 + 2 x^5 + 3 x^2 + x + 2) => 9 x^11 - 6 x^9 + 3 x^8 + 6 x^6 + 9 x^3 + 3 x^2 + 6 x correct
(POLY-MUL     -3     0) => 0 correct
(POLY-MUL     -3     1) => -3 correct
(POLY-MUL     -3     x) => -3 x correct
(POLY-MUL     -3     3) => -9 correct
(POLY-MUL     -3     3 x) => -9 x correct
(POLY-MUL     -3     -3) => 9 correct
(POLY-MUL     -3     -3 x) => 9 x correct
(POLY-MUL     -3     2 x - 2) => -6 x + 6 correct
(POLY-MUL     -3     2/3 x^2 + 4 x - 2) => -2 x^2 - 12 x + 6 correct
(POLY-MUL     -3     -3/4 x^10 + 1/5 x^5) => 9/4 x^10 - 3/5 x^5 correct
(POLY-MUL     -3     2 x^5 - 2 x^3 + 2) => -6 x^5 + 6 x^3 - 6 correct
(POLY-MUL     -3     3 x^10 - 2 x^8 + x^7 + 2 x^5 + 3 x^2 + x + 2) => -9 x^10 + 6 x^8 - 3 x^7 - 6 x^5 - 9 x^2 - 3 x - 6 correct
(POLY-MUL     -3 x     0) => 0 correct
(POLY-MUL     -3 x     1) => -3 x correct
(POLY-MUL     -3 x     x) => -3 x^2 correct
(POLY-MUL     -3 x     3) => -9 x correct
(POLY-MUL     -3 x     3 x) => -9 x^2 correct
(POLY-MUL     -3 x     -3) => 9 x correct
(POLY-MUL     -3 x     -3 x) => 9 x^2 correct
(POLY-MUL     -3 x     2 x - 2) => -6 x^2 + 6 x correct
(POLY-MUL     -3 x     2/3 x^2 + 4 x - 2) => -2 x^3 - 12 x^2 + 6 x correct
(POLY-MUL     -3 x     -3/4 x^10 + 1/5 x^5) => 9/4 x^11 - 3/5 x^6 correct
(POLY-MUL     -3 x     2 x^5 - 2 x^3 + 2) => -6 x^6 + 6 x^4 - 6 x correct
(POLY-MUL     -3 x     3 x^10 - 2 x^8 + x^7 + 2 x^5 + 3 x^2 + x + 2) => -9 x^11 + 6 x^9 - 3 x^8 - 6 x^6 - 9 x^3 - 3 x^2 - 6 x correct
(POLY-MUL     2 x - 2     0) => 0 correct
(POLY-MUL     2 x - 2     1) => 2 x - 2 correct
(POLY-MUL     2 x - 2     x) => 2 x^2 - 2 x correct
(POLY-MUL     2 x - 2     3) => 6 x - 6 correct
(POLY-MUL     2 x - 2     3 x) => 6 x^2 - 6 x correct
(POLY-MUL     2 x - 2     -3) => -6 x + 6 correct
(POLY-MUL     2 x - 2     -3 x) => -6 x^2 + 6 x correct
(POLY-MUL     2 x - 2     2 x - 2) => 4 x^2 - 8 x + 4 correct
(POLY-MUL     2 x - 2     2/3 x^2 + 4 x - 2) => 4/3 x^3 + 20/3 x^2 - 12 x + 4 correct
(POLY-MUL     2 x - 2     -3/4 x^10 + 1/5 x^5) => -3/2 x^11 + 3/2 x^10 + 2/5 x^6 - 2/5 x^5 correct
(POLY-MUL     2 x - 2     2 x^5 - 2 x^3 + 2) => 4 x^6 - 4 x^5 - 4 x^4 + 4 x^3 + 4 x - 4 correct
(POLY-MUL     2 x - 2     3 x^10 - 2 x^8 + x^7 + 2 x^5 + 3 x^2 + x + 2) => 6 x^11 - 6 x^10 - 4 x^9 + 6 x^8 - 2 x^7 + 4 x^6 - 4 x^5 + 6 x^3 - 4 x^2 + 2 x - 4 correct
(POLY-MUL     2/3 x^2 + 4 x - 2     0) => 0 correct
(POLY-MUL     2/3 x^2 + 4 x - 2     1) => 2/3 x^2 + 4 x - 2 correct
(POLY-MUL     2/3 x^2 + 4 x - 2     x) => 2/3 x^3 + 4 x^2 - 2 x correct
(POLY-MUL     2/3 x^2 + 4 x - 2     3) => 2 x^2 + 12 x - 6 correct
(POLY-MUL     2/3 x^2 + 4 x - 2     3 x) => 2 x^3 + 12 x^2 - 6 x correct
(POLY-MUL     2/3 x^2 + 4 x - 2     -3) => -2 x^2 - 12 x + 6 correct
(POLY-MUL     2/3 x^2 + 4 x - 2     -3 x) => -2 x^3 - 12 x^2 + 6 x correct
(POLY-MUL     2/3 x^2 + 4 x - 2     2 x - 2) => 4/3 x^3 + 20/3 x^2 - 12 x + 4 correct
(POLY-MUL     2/3 x^2 + 4 x - 2     2/3 x^2 + 4 x - 2) => 4/9 x^4 + 16/3 x^3 + 40/3 x^2 - 16 x + 4 correct
(POLY-MUL     2/3 x^2 + 4 x - 2     -3/4 x^10 + 1/5 x^5) => -1/2 x^12 - 3 x^11 + 3/2 x^10 + 2/15 x^7 + 4/5 x^6 - 2/5 x^5 correct
(POLY-MUL     2/3 x^2 + 4 x - 2     2 x^5 - 2 x^3 + 2) => 4/3 x^7 + 8 x^6 - 16/3 x^5 - 8 x^4 + 4 x^3 + 4/3 x^2 + 8 x - 4 correct
(POLY-MUL     2/3 x^2 + 4 x - 2     3 x^10 - 2 x^8 + x^7 + 2 x^5 + 3 x^2 + x + 2) => 2 x^12 + 12 x^11 - 22/3 x^10 - 22/3 x^9 + 8 x^8 - 2/3 x^7 + 8 x^6 - 4 x^5 + 2 x^4 + 38/3 x^3 - 2/3 x^2 + 6 x - 4 correct
(POLY-MUL     -3/4 x^10 + 1/5 x^5     0) => 0 correct
(POLY-MUL     -3/4 x^10 + 1/5 x^5     1) => -3/4 x^10 + 1/5 x^5 correct
(POLY-MUL     -3/4 x^10 + 1/5 x^5     x) => -3/4 x^11 + 1/5 x^6 correct
(POLY-MUL     -3/4 x^10 + 1/5 x^5     3) => -9/4 x^10 + 3/5 x^5 correct
(POLY-MUL     -3/4 x^10 + 1/5 x^5     3 x) => -9/4 x^11 + 3/5 x^6 correct
(POLY-MUL     -3/4 x^10 + 1/5 x^5     -3) => 9/4 x^10 - 3/5 x^5 correct
(POLY-MUL     -3/4 x^10 + 1/5 x^5     -3 x) => 9/4 x^11 - 3/5 x^6 correct
(POLY-MUL     -3/4 x^10 + 1/5 x^5     2 x - 2) => -3/2 x^11 + 3/2 x^10 + 2/5 x^6 - 2/5 x^5 correct
(POLY-MUL     -3/4 x^10 + 1/5 x^5     2/3 x^2 + 4 x - 2) => -1/2 x^12 - 3 x^11 + 3/2 x^10 + 2/15 x^7 + 4/5 x^6 - 2/5 x^5 correct
(POLY-MUL     -3/4 x^10 + 1/5 x^5     -3/4 x^10 + 1/5 x^5) => 9/16 x^20 - 3/10 x^15 + 1/25 x^10 correct
(POLY-MUL     -3/4 x^10 + 1/5 x^5     2 x^5 - 2 x^3 + 2) => -3/2 x^15 + 3/2 x^13 - 11/10 x^10 - 2/5 x^8 + 2/5 x^5 correct
(POLY-MUL     -3/4 x^10 + 1/5 x^5     3 x^10 - 2 x^8 + x^7 + 2 x^5 + 3 x^2 + x + 2) => -9/4 x^20 + 3/2 x^18 - 3/4 x^17 - 9/10 x^15 - 2/5 x^13 - 41/20 x^12 - 3/4 x^11 - 11/10 x^10 + 3/5 x^7 + 1/5 x^6 + 2/5 x^5 correct
(POLY-MUL     2 x^5 - 2 x^3 + 2     0) => 0 correct
(POLY-MUL     2 x^5 - 2 x^3 + 2     1) => 2 x^5 - 2 x^3 + 2 correct
(POLY-MUL     2 x^5 - 2 x^3 + 2     x) => 2 x^6 - 2 x^4 + 2 x correct
(POLY-MUL     2 x^5 - 2 x^3 + 2     3) => 6 x^5 - 6 x^3 + 6 correct
(POLY-MUL     2 x^5 - 2 x^3 + 2     3 x) => 6 x^6 - 6 x^4 + 6 x correct
(POLY-MUL     2 x^5 - 2 x^3 + 2     -3) => -6 x^5 + 6 x^3 - 6 correct
(POLY-MUL     2 x^5 - 2 x^3 + 2     -3 x) => -6 x^6 + 6 x^4 - 6 x correct
(POLY-MUL     2 x^5 - 2 x^3 + 2     2 x - 2) => 4 x^6 - 4 x^5 - 4 x^4 + 4 x^3 + 4 x - 4 correct
(POLY-MUL     2 x^5 - 2 x^3 + 2     2/3 x^2 + 4 x - 2) => 4/3 x^7 + 8 x^6 - 16/3 x^5 - 8 x^4 + 4 x^3 + 4/3 x^2 + 8 x - 4 correct
(POLY-MUL     2 x^5 - 2 x^3 + 2     -3/4 x^10 + 1/5 x^5) => -3/2 x^15 + 3/2 x^13 - 11/10 x^10 - 2/5 x^8 + 2/5 x^5 correct
(POLY-MUL     2 x^5 - 2 x^3 + 2     2 x^5 - 2 x^3 + 2) => 4 x^10 - 8 x^8 + 4 x^6 + 8 x^5 - 8 x^3 + 4 correct
(POLY-MUL     2 x^5 - 2 x^3 + 2     3 x^10 - 2 x^8 + x^7 + 2 x^5 + 3 x^2 + x + 2) => 6 x^15 - 10 x^13 + 2 x^12 + 4 x^11 + 8 x^10 - 8 x^8 + 8 x^7 + 2 x^6 + 2 x^5 - 2 x^4 - 4 x^3 + 6 x^2 + 2 x + 4 correct
(POLY-MUL     3 x^10 - 2 x^8 + x^7 + 2 x^5 + 3 x^2 + x + 2     0) => 0 correct
(POLY-MUL     3 x^10 - 2 x^8 + x^7 + 2 x^5 + 3 x^2 + x + 2     1) => 3 x^10 - 2 x^8 + x^7 + 2 x^5 + 3 x^2 + x + 2 correct
(POLY-MUL     3 x^10 - 2 x^8 + x^7 + 2 x^5 + 3 x^2 + x + 2     x) => 3 x^11 - 2 x^9 + x^8 + 2 x^6 + 3 x^3 + x^2 + 2 x correct
(POLY-MUL     3 x^10 - 2 x^8 + x^7 + 2 x^5 + 3 x^2 + x + 2     3) => 9 x^10 - 6 x^8 + 3 x^7 + 6 x^5 + 9 x^2 + 3 x + 6 correct
(POLY-MUL     3 x^10 - 2 x^8 + x^7 + 2 x^5 + 3 x^2 + x + 2     3 x) => 9 x^11 - 6 x^9 + 3 x^8 + 6 x^6 + 9 x^3 + 3 x^2 + 6 x correct
(POLY-MUL     3 x^10 - 2 x^8 + x^7 + 2 x^5 + 3 x^2 + x + 2     -3) => -9 x^10 + 6 x^8 - 3 x^7 - 6 x^5 - 9 x^2 - 3 x - 6 correct
(POLY-MUL     3 x^10 - 2 x^8 + x^7 + 2 x^5 + 3 x^2 + x + 2     -3 x) => -9 x^11 + 6 x^9 - 3 x^8 - 6 x^6 - 9 x^3 - 3 x^2 - 6 x correct
(POLY-MUL     3 x^10 - 2 x^8 + x^7 + 2 x^5 + 3 x^2 + x + 2     2 x - 2) => 6 x^11 - 6 x^10 - 4 x^9 + 6 x^8 - 2 x^7 + 4 x^6 - 4 x^5 + 6 x^3 - 4 x^2 + 2 x - 4 correct
(POLY-MUL     3 x^10 - 2 x^8 + x^7 + 2 x^5 + 3 x^2 + x + 2     2/3 x^2 + 4 x - 2) => 2 x^12 + 12 x^11 - 22/3 x^10 - 22/3 x^9 + 8 x^8 - 2/3 x^7 + 8 x^6 - 4 x^5 + 2 x^4 + 38/3 x^3 - 2/3 x^2 + 6 x - 4 correct
(POLY-MUL     3 x^10 - 2 x^8 + x^7 + 2 x^5 + 3 x^2 + x + 2     -3/4 x^10 + 1/5 x^5) => -9/4 x^20 + 3/2 x^18 - 3/4 x^17 - 9/10 x^15 - 2/5 x^13 - 41/20 x^12 - 3/4 x^11 - 11/10 x^10 + 3/5 x^7 + 1/5 x^6 + 2/5 x^5 correct
(POLY-MUL     3 x^10 - 2 x^8 + x^7 + 2 x^5 + 3 x^2 + x + 2     2 x^5 - 2 x^3 + 2) => 6 x^15 - 10 x^13 + 2 x^12 + 4 x^11 + 8 x^10 - 8 x^8 + 8 x^7 + 2 x^6 + 2 x^5 - 2 x^4 - 4 x^3 + 6 x^2 + 2 x + 4 correct
(POLY-MUL     3 x^10 - 2 x^8 + x^7 + 2 x^5 + 3 x^2 + x + 2     3 x^10 - 2 x^8 + x^7 + 2 x^5 + 3 x^2 + x + 2) => 9 x^20 - 12 x^18 + 6 x^17 + 4 x^16 + 8 x^15 + x^14 - 8 x^13 + 22 x^12 + 6 x^11 + 4 x^10 + 2 x^9 - 6 x^8 + 16 x^7 + 4 x^6 + 8 x^5 + 9 x^4 + 6 x^3 + 13 x^2 + 4 x + 4 correct
(POLY-DIV     0     0) => ERROR: division by zero
(POLY-DIV     0     1) => 0; 0 INCORRECT
(POLY-DIV     0     x) => 0; 0 INCORRECT
(POLY-DIV     0     3) => 0; 0 INCORRECT
(POLY-DIV     0     3 x) => 0; 0 INCORRECT
(POLY-DIV     0     -3) => 0; 0 INCORRECT
(POLY-DIV     0     -3 x) => 0; 0 INCORRECT
(POLY-DIV     0     2 x - 2) => 0; 0 INCORRECT
(POLY-DIV     0     2/3 x^2 + 4 x - 2) => 0; 0 INCORRECT
(POLY-DIV     0     -3/4 x^10 + 1/5 x^5) => 0; 0 INCORRECT
(POLY-DIV     0     2 x^5 - 2 x^3 + 2) => 0; 0 INCORRECT
(POLY-DIV     0     3 x^10 - 2 x^8 + x^7 + 2 x^5 + 3 x^2 + x + 2) => 0; 0 INCORRECT
(POLY-DIV     1     0) => ERROR: division by zero
(POLY-DIV     1     1) => 1; 0 INCORRECT
(POLY-DIV     1     x) => x^-1; 0 INCORRECT
(POLY-DIV     1     3) => -0; 0 INCORRECT
(POLY-DIV     1     3 x) => -0 x^-1; 0 INCORRECT
(POLY-DIV     1     -3) => -0; 0 INCORRECT
(POLY-DIV     1     -3 x) => -0 x^-1; 0 INCORRECT
(POLY-DIV     1     2 x - 2) => -0 x^-1 - 0; 0 INCORRECT
(POLY-DIV     1     2/3 x^2 + 4 x - 2) => x^-2 - 0 x^-1 - 0; 0 INCORRECT
(POLY-DIV     1     -3/4 x^10 + 1/5 x^5) => -x^-10 + 5 x^-5; 0 INCORRECT
(POLY-DIV     1     2 x^5 - 2 x^3 + 2) => -0 x^-5 - 0 x^-3 - 0; 0 INCORRECT
(POLY-DIV     1     3 x^10 - 2 x^8 + x^7 + 2 x^5 + 3 x^2 + x + 2) => -0 x^-10 - 0 x^-8 + x^-7 - 0 x^-5 - 0 x^-2 + x^-1 - 0; 0 INCORRECT
(POLY-DIV     x     0) => ERROR: division by zero
(POLY-DIV     x     1) => x; 0 INCORRECT
(POLY-DIV     x     x) => 1; 0 INCORRECT
(POLY-DIV     x     3) => -0 x; 0 INCORRECT
(POLY-DIV     x     3 x) => -0; 0 INCORRECT
(POLY-DIV     x     -3) => -0 x; 0 INCORRECT
(POLY-DIV     x     -3 x) => -0; 0 INCORRECT
(POLY-DIV     x     2 x - 2) => -0 - 0 x; 0 INCORRECT
(POLY-DIV     x     2/3 x^2 + 4 x - 2) => x^-1 - 0 - 0 x; 0 INCORRECT
(POLY-DIV     x     -3/4 x^10 + 1/5 x^5) => -x^-9 + 5 x^-4; 0 INCORRECT
(POLY-DIV     x     2 x^5 - 2 x^3 + 2) => -0 x^-4 - 0 x^-2 - 0 x; 0 INCORRECT
(POLY-DIV     x     3 x^10 - 2 x^8 + x^7 + 2 x^5 + 3 x^2 + x + 2) => -0 x^-9 - 0 x^-7 + x^-6 - 0 x^-4 - 0 x^-1 + 1 - 0 x; 0 INCORRECT
(POLY-DIV     3     0) => ERROR: division by zero
(POLY-DIV     3     1) => 3; 0 INCORRECT
(POLY-DIV     3     x) => 3 x^-1; 0 INCORRECT
(POLY-DIV     3     3) => 1; 0 INCORRECT
(POLY-DIV     3     3 x) => x^-1; 0 INCORRECT
(POLY-DIV     3     -3) => -1; 0 INCORRECT
(POLY-DIV     3     -3 x) => -x^-1; 0 INCORRECT
(POLY-DIV     3     2 x - 2) => x^-1 - 1; 0 INCORRECT
(POLY-DIV     3     2/3 x^2 + 4 x - 2) => 4 x^-2 - 0 x^-1 - 1; 0 INCORRECT
(POLY-DIV     3     -3/4 x^10 + 1/5 x^5) => -4 x^-10 + 15 x^-5; 0 INCORRECT
(POLY-DIV     3     2 x^5 - 2 x^3 + 2) => x^-5 - x^-3 + 1; 0 INCORRECT
(POLY-DIV     3     3 x^10 - 2 x^8 + x^7 + 2 x^5 + 3 x^2 + x + 2) => x^-10 - x^-8 + 3 x^-7 + x^-5 + x^-2 + 3 x^-1 + 1; 0 INCORRECT
(POLY-DIV     3 x     0) => ERROR: division by zero
(POLY-DIV     3 x     1) => 3 x; 0 INCORRECT
(POLY-DIV     3 x     x) => 3; 0 INCORRECT
(POLY-DIV     3 x     3) => x; 0 INCORRECT
(POLY-DIV     3 x     3 x) => 1; 0 INCORRECT
(POLY-DIV     3 x     -3) => -1 x; 0 INCORRECT
(POLY-DIV     3 x     -3 x) => -1; 0 INCORRECT
(POLY-DIV     3 x     2 x - 2) => 1 - 1 x; 0 INCORRECT
(POLY-DIV     3 x     2/3 x^2 + 4 x - 2) => 4 x^-1 - 0 - 1 x; 0 INCORRECT
(POLY-DIV     3 x     -3/4 x^10 + 1/5 x^5) => -4 x^-9 + 15 x^-4; 0 INCORRECT
(POLY-DIV     3 x     2 x^5 - 2 x^3 + 2) => x^-4 - x^-2 + x; 0 INCORRECT
(POLY-DIV     3 x     3 x^10 - 2 x^8 + x^7 + 2 x^5 + 3 x^2 + x + 2) => x^-9 - x^-7 + 3 x^-6 + x^-4 + x^-1 + 3 + x; 0 INCORRECT
(POLY-DIV     -3     0) => ERROR: division by zero
(POLY-DIV     -3     1) => -3; 0 INCORRECT
(POLY-DIV     -3     x) => -3 x^-1; 0 INCORRECT
(POLY-DIV     -3     3) => -1; 0 INCORRECT
(POLY-DIV     -3     3 x) => -x^-1; 0 INCORRECT
(POLY-DIV     -3     -3) => 1; 0 INCORRECT
(POLY-DIV     -3     -3 x) => x^-1; 0 INCORRECT
(POLY-DIV     -3     2 x - 2) => -x^-1 + 1; 0 INCORRECT
(POLY-DIV     -3     2/3 x^2 + 4 x - 2) => -4 x^-2 - 0 x^-1 + 1; 0 INCORRECT
(POLY-DIV     -3     -3/4 x^10 + 1/5 x^5) => 4 x^-10 - 15 x^-5; 0 INCORRECT
(POLY-DIV     -3     2 x^5 - 2 x^3 + 2) => -x^-5 + x^-3 - 1; 0 INCORRECT
(POLY-DIV     -3     3 x^10 - 2 x^8 + x^7 + 2 x^5 + 3 x^2 + x + 2) => -x^-10 + x^-8 - 3 x^-7 - x^-5 - x^-2 - 3 x^-1 - 1; 0 INCORRECT
(POLY-DIV     -3 x     0) => ERROR: division by zero
(POLY-DIV     -3 x     1) => -3 x; 0 INCORRECT
(POLY-DIV     -3 x     x) => -3; 0 INCORRECT
(POLY-DIV     -3 x     3) => -1 x; 0 INCORRECT
(POLY-DIV     -3 x     3 x) => -1; 0 INCORRECT
(POLY-DIV     -3 x     -3) => x; 0 INCORRECT
(POLY-DIV     -3 x     -3 x) => 1; 0 INCORRECT
(POLY-DIV     -3 x     2 x - 2) => -1 + x; 0 INCORRECT
(POLY-DIV     -3 x     2/3 x^2 + 4 x - 2) => -4 x^-1 - 0 + x; 0 INCORRECT
(POLY-DIV     -3 x     -3/4 x^10 + 1/5 x^5) => 4 x^-9 - 15 x^-4; 0 INCORRECT
(POLY-DIV     -3 x     2 x^5 - 2 x^3 + 2) => -x^-4 + x^-2 - 1 x; 0 INCORRECT
(POLY-DIV     -3 x     3 x^10 - 2 x^8 + x^7 + 2 x^5 + 3 x^2 + x + 2) => -x^-9 + x^-7 - 3 x^-6 - x^-4 - x^-1 - 3 - 1 x; 0 INCORRECT
(POLY-DIV     2 x - 2     0) => ERROR: division by zero
(POLY-DIV     2 x - 2     1) => 2 x - 2; 0 INCORRECT
(POLY-DIV     2 x - 2     x) => 2 - 2 x^-1; 0 INCORRECT
(POLY-DIV     2 x - 2     3) => -0 x - 0; 0 INCORRECT
(POLY-DIV     2 x - 2     3 x) => -0 - 0 x^-1; 0 INCORRECT
(POLY-DIV     2 x - 2     -3) => -0 x - 0; 0 INCORRECT
(POLY-DIV     2 x - 2     -3 x) => -0 - 0 x^-1; 0 INCORRECT
(POLY-DIV     2 x - 2     2 x - 2) => 1 - 1 x - x^-1 + 1; 0 INCORRECT
(POLY-DIV     2 x - 2     2/3 x^2 + 4 x - 2) => 3 x^-1 - 0 - 1 x - 3 x^-2 - 0 x^-1 + 1; 0 INCORRECT
(POLY-DIV     2 x - 2     -3/4 x^10 + 1/5 x^5) => -2 x^-9 + 10 x^-4 + 2 x^-10 - 10 x^-5; 0 INCORRECT
(POLY-DIV     2 x - 2     2 x^5 - 2 x^3 + 2) => x^-4 - x^-2 + x - x^-5 + x^-3 - 1; 0 INCORRECT
(POLY-DIV     2 x - 2     3 x^10 - 2 x^8 + x^7 + 2 x^5 + 3 x^2 + x + 2) => -0 x^-9 - x^-7 + 2 x^-6 + x^-4 - 0 x^-1 + 2 + x - 0 x^-10 + x^-8 - 2 x^-7 - x^-5 - 0 x^-2 - 2 x^-1 - 1; 0 INCORRECT
(POLY-DIV     2/3 x^2 + 4 x - 2     0) => ERROR: division by zero
(POLY-DIV     2/3 x^2 + 4 x - 2     1) => -0 x^2 + 4 x - 2; 0 INCORRECT
(POLY-DIV     2/3 x^2 + 4 x - 2     x) => -0 x + 4 - 2 x^-1; 0 INCORRECT
(POLY-DIV     2/3 x^2 + 4 x - 2     3) => -0 x^2 + x - 0; 0 INCORRECT
(POLY-DIV     2/3 x^2 + 4 x - 2     3 x) => -0 x + 1 - 0 x^-1; 0 INCORRECT
(POLY-DIV     2/3 x^2 + 4 x - 2     -3) => -0 x^2 - 1 x - 0; 0 INCORRECT
(POLY-DIV     2/3 x^2 + 4 x - 2     -3 x) => -0 x - 1 - 0 x^-1; 0 INCORRECT
(POLY-DIV     2/3 x^2 + 4 x - 2     2 x - 2) => -0 x - 0 x^2 + 2 - 2 x - x^-1 + 1; 0 INCORRECT
(POLY-DIV     2/3 x^2 + 4 x - 2     2/3 x^2 + 4 x - 2) => 1 - 0 x - 0 x^2 + 6 x^-1 + 1 - 2 x - 3 x^-2 - 0 x^-1 + 1; 0 INCORRECT
(POLY-DIV     2/3 x^2 + 4 x - 2     -3/4 x^10 + 1/5 x^5) => -0 x^-8 + 3 x^-3 - 5 x^-9 + 20 x^-4 + 2 x^-10 - 10 x^-5; 0 INCORRECT
(POLY-DIV     2/3 x^2 + 4 x - 2     2 x^5 - 2 x^3 + 2) => -0 x^-3 - 0 x^-1 - 0 x^2 + 2 x^-4 - 2 x^-2 + 2 x - x^-5 + x^-3 - 1; 0 INCORRECT
(POLY-DIV     2/3 x^2 + 4 x - 2     3 x^10 - 2 x^8 + x^7 + 2 x^5 + 3 x^2 + x + 2) => -0 x^-8 - 0 x^-6 - 0 x^-5 - 0 x^-3 - 0 - 0 x - 0 x^2 + x^-9 - 2 x^-7 + 4 x^-6 + 2 x^-4 + x^-1 + 4 + 2 x - 0 x^-10 + x^-8 - 2 x^-7 - x^-5 - 0 x^-2 - 2 x^-1 - 1; 0 INCORRECT
(POLY-DIV     -3/4 x^10 + 1/5 x^5     0) => ERROR: division by zero
(POLY-DIV     -3/4 x^10 + 1/5 x^5     1) => -0 x^10 - 0 x^5; 0 INCORRECT
(POLY-DIV     -3/4 x^10 + 1/5 x^5     x) => -0 x^9 - 0 x^4; 0 INCORRECT
(POLY-DIV     -3/4 x^10 + 1/5 x^5     3) => -0 x^10 - 0 x^5; 0 INCORRECT
(POLY-DIV     -3/4 x^10 + 1/5 x^5     3 x) => -0 x^9 - 0 x^4; 0 INCORRECT
(POLY-DIV     -3/4 x^10 + 1/5 x^5     -3) => -0 x^10 - 0 x^5; 0 INCORRECT
(POLY-DIV     -3/4 x^10 + 1/5 x^5     -3 x) => -0 x^9 - 0 x^4; 0 INCORRECT
(POLY-DIV     -3/4 x^10 + 1/5 x^5     2 x - 2) => -0 x^9 - 0 x^10 - 0 x^4 - 0 x^5; 0 INCORRECT
(POLY-DIV     -3/4 x^10 + 1/5 x^5     2/3 x^2 + 4 x - 2) => -x^8 - 0 x^9 - 0 x^10 - 0 x^3 - 0 x^4 - 0 x^5; 0 INCORRECT
(POLY-DIV     -3/4 x^10 + 1/5 x^5     -3/4 x^10 + 1/5 x^5) => 1 - 3 x^5 - 0 x^-5 + 1; 0 INCORRECT
(POLY-DIV     -3/4 x^10 + 1/5 x^5     2 x^5 - 2 x^3 + 2) => -0 x^5 - 0 x^7 - 0 x^10 - 0 - 0 x^2 - 0 x^5; 0 INCORRECT
(POLY-DIV     -3/4 x^10 + 1/5 x^5     3 x^10 - 2 x^8 + x^7 + 2 x^5 + 3 x^2 + x + 2) => -0 - 0 x^2 - 0 x^3 - 0 x^5 - 0 x^8 - 0 x^9 - 0 x^10 - 0 x^-5 - 0 x^-3 - 0 x^-2 - 0 - 0 x^3 - 0 x^4 - 0 x^5; 0 INCORRECT
(POLY-DIV     2 x^5 - 2 x^3 + 2     0) => ERROR: division by zero
(POLY-DIV     2 x^5 - 2 x^3 + 2     1) => 2 x^5 - 2 x^3 + 2; 0 INCORRECT
(POLY-DIV     2 x^5 - 2 x^3 + 2     x) => 2 x^4 - 2 x^2 + 2 x^-1; 0 INCORRECT
(POLY-DIV     2 x^5 - 2 x^3 + 2     3) => -0 x^5 - 0 x^3 - 0; 0 INCORRECT
(POLY-DIV     2 x^5 - 2 x^3 + 2     3 x) => -0 x^4 - 0 x^2 - 0 x^-1; 0 INCORRECT
(POLY-DIV     2 x^5 - 2 x^3 + 2     -3) => -0 x^5 - 0 x^3 - 0; 0 INCORRECT
(POLY-DIV     2 x^5 - 2 x^3 + 2     -3 x) => -0 x^4 - 0 x^2 - 0 x^-1; 0 INCORRECT
(POLY-DIV     2 x^5 - 2 x^3 + 2     2 x - 2) => x^4 - x^5 - x^2 + x^3 + x^-1 - 1; 0 INCORRECT
(POLY-DIV     2 x^5 - 2 x^3 + 2     2/3 x^2 + 4 x - 2) => 3 x^3 - 0 x^4 - x^5 - 3 x - 0 x^2 + x^3 + 3 x^-2 - 0 x^-1 - 1; 0 INCORRECT
(POLY-DIV     2 x^5 - 2 x^3 + 2     -3/4 x^10 + 1/5 x^5) => -2 x^-5 + 10 + 2 x^-7 - 10 x^-2 - 2 x^-10 + 10 x^-5; 0 INCORRECT
(POLY-DIV     2 x^5 - 2 x^3 + 2     2 x^5 - 2 x^3 + 2) => 1 - x^2 + x^5 - x^-2 + 1 - x^3 + x^-5 - x^-3 + 1; 0 INCORRECT
(POLY-DIV     2 x^5 - 2 x^3 + 2     3 x^10 - 2 x^8 + x^7 + 2 x^5 + 3 x^2 + x + 2) => -0 x^-5 - x^-3 + 2 x^-2 + 1 - 0 x^3 + 2 x^4 + x^5 - 0 x^-7 + x^-5 - 2 x^-4 - x^-2 - 0 x - 2 x^2 - x^3 - 0 x^-10 - x^-8 + 2 x^-7 + x^-5 - 0 x^-2 + 2 x^-1 + 1; 0 INCORRECT
(POLY-DIV     3 x^10 - 2 x^8 + x^7 + 2 x^5 + 3 x^2 + x + 2     0) => ERROR: division by zero
(POLY-DIV     3 x^10 - 2 x^8 + x^7 + 2 x^5 + 3 x^2 + x + 2     1) => 3 x^10 - 2 x^8 + x^7 + 2 x^5 + 3 x^2 + x + 2; 0 INCORRECT
(POLY-DIV     3 x^10 - 2 x^8 + x^7 + 2 x^5 + 3 x^2 + x + 2     x) => 3 x^9 - 2 x^7 + x^6 + 2 x^4 + 3 x + 1 + 2 x^-1; 0 INCORRECT
(POLY-DIV     3 x^10 - 2 x^8 + x^7 + 2 x^5 + 3 x^2 + x + 2     3) => x^10 - 0 x^8 - 0 x^7 - 0 x^5 + x^2 - 0 x - 0; 0 INCORRECT
(POLY-DIV     3 x^10 - 2 x^8 + x^7 + 2 x^5 + 3 x^2 + x + 2     3 x) => x^9 - 0 x^7 - 0 x^6 - 0 x^4 + x - 0 - 0 x^-1; 0 INCORRECT
(POLY-DIV     3 x^10 - 2 x^8 + x^7 + 2 x^5 + 3 x^2 + x + 2     -3) => -x^10 - 0 x^8 - 0 x^7 - 0 x^5 - x^2 - 0 x - 0; 0 INCORRECT
(POLY-DIV     3 x^10 - 2 x^8 + x^7 + 2 x^5 + 3 x^2 + x + 2     -3 x) => -x^9 - 0 x^7 - 0 x^6 - 0 x^4 - 1 x - 0 - 0 x^-1; 0 INCORRECT
(POLY-DIV     3 x^10 - 2 x^8 + x^7 + 2 x^5 + 3 x^2 + x + 2     2 x - 2) => x^9 - x^10 - x^7 + x^8 - 0 x^6 - 0 x^7 + x^4 - x^5 + x - x^2 - 0 - 0 x + x^-1 - 1; 0 INCORRECT
(POLY-DIV     3 x^10 - 2 x^8 + x^7 + 2 x^5 + 3 x^2 + x + 2     2/3 x^2 + 4 x - 2) => 4 x^8 - 0 x^9 - x^10 - 3 x^6 - 0 x^7 + x^8 + x^5 - 0 x^6 - 0 x^7 + 3 x^3 - 0 x^4 - x^5 + 4 - 0 x - x^2 + x^-1 - 0 - 0 x + 3 x^-2 - 0 x^-1 - 1; 0 INCORRECT
(POLY-DIV     3 x^10 - 2 x^8 + x^7 + 2 x^5 + 3 x^2 + x + 2     -3/4 x^10 + 1/5 x^5) => -4 + 15 x^5 + 2 x^-2 - 10 x^3 - x^-3 + 5 x^2 - 2 x^-5 + 10 - 4 x^-8 + 15 x^-3 - x^-9 + 5 x^-4 - 2 x^-10 + 10 x^-5; 0 INCORRECT
(POLY-DIV     3 x^10 - 2 x^8 + x^7 + 2 x^5 + 3 x^2 + x + 2     2 x^5 - 2 x^3 + 2) => x^5 - x^7 + x^10 - x^3 + x^5 - x^8 - 0 x^2 - 0 x^4 - 0 x^7 + 1 - x^2 + x^5 + x^-3 - x^-1 + x^2 - 0 x^-4 - 0 x^-2 - 0 x + x^-5 - x^-3 + 1; 0 INCORRECT
(POLY-DIV     3 x^10 - 2 x^8 + x^7 + 2 x^5 + 3 x^2 + x + 2     3 x^10 - 2 x^8 + x^7 + 2 x^5 + 3 x^2 + x + 2) => 1 - x^2 + 3 x^3 + x^5 + x^8 + 3 x^9 + x^10 - 0 x^-2 + 1 - 2 x - x^3 - 0 x^6 - 2 x^7 - x^8 - 0 x^-3 - 0 x^-1 + 1 - 0 x^2 - 0 x^5 + x^6 - 0 x^7 - 0 x^-5 - x^-3 + 2 x^-2 + 1 - 0 x^3 + 2 x^4 + x^5 + x^-8 - x^-6 + 3 x^-5 + x^-3 + 1 + 3 x + x^2 - 0 x^-9 - 0 x^-7 + x^-6 - 0 x^-4 - 0 x^-1 + 1 - 0 x - 0 x^-10 - x^-8 + 2 x^-7 + x^-5 - 0 x^-2 + 2 x^-1 + 1; 0 INCORRECT
(POLY-POW 0     0) => 1 correct
(POLY-POW 1     0) => 1 correct
(POLY-POW x     0) => 1 correct
(POLY-POW 3     0) => 1 correct
(POLY-POW 3 x     0) => 1 correct
(POLY-POW -3     0) => 1 correct
(POLY-POW -3 x     0) => 1 correct
(POLY-POW 2 x - 2     0) => 1 correct
(POLY-POW 2/3 x^2 + 4 x - 2     0) => 1 correct
(POLY-POW -3/4 x^10 + 1/5 x^5     0) => 1 correct
(POLY-POW 2 x^5 - 2 x^3 + 2     0) => 1 correct
(POLY-POW 3 x^10 - 2 x^8 + x^7 + 2 x^5 + 3 x^2 + x + 2     0) => 1 correct
(POLY-POW 0     1) => 0 correct
(POLY-POW 1     1) => 1 correct
(POLY-POW x     1) => x correct
(POLY-POW 3     1) => 3 correct
(POLY-POW 3 x     1) => 3 x correct
(POLY-POW -3     1) => -3 correct
(POLY-POW -3 x     1) => -3 x correct
(POLY-POW 2 x - 2     1) => 2 x - 2 correct
(POLY-POW 2/3 x^2 + 4 x - 2     1) => 2/3 x^2 + 4 x - 2 correct
(POLY-POW -3/4 x^10 + 1/5 x^5     1) => -3/4 x^10 + 1/5 x^5 correct
(POLY-POW 2 x^5 - 2 x^3 + 2     1) => 2 x^5 - 2 x^3 + 2 correct
(POLY-POW 3 x^10 - 2 x^8 + x^7 + 2 x^5 + 3 x^2 + x + 2     1) => 3 x^10 - 2 x^8 + x^7 + 2 x^5 + 3 x^2 + x + 2 correct
(POLY-POW 0     2) => 0 correct
(POLY-POW 1     2) => 1 correct
(POLY-POW x     2) => x^2 correct
(POLY-POW 3     2) => 9 correct
(POLY-POW 3 x     2) => 9 x^2 correct
(POLY-POW -3     2) => 9 correct
(POLY-POW -3 x     2) => 9 x^2 correct
(POLY-POW 2 x - 2     2) => 4 x^2 - 8 x + 4 correct
(POLY-POW 2/3 x^2 + 4 x - 2     2) => 4/9 x^4 + 16/3 x^3 + 40/3 x^2 - 16 x + 4 correct
(POLY-POW -3/4 x^10 + 1/5 x^5     2) => 9/16 x^20 - 3/10 x^15 + 1/25 x^10 correct
(POLY-POW 2 x^5 - 2 x^3 + 2     2) => 4 x^10 - 8 x^8 + 4 x^6 + 8 x^5 - 8 x^3 + 4 correct
(POLY-POW 3 x^10 - 2 x^8 + x^7 + 2 x^5 + 3 x^2 + x + 2     2) => 9 x^20 - 12 x^18 + 6 x^17 + 4 x^16 + 8 x^15 + x^14 - 8 x^13 + 22 x^12 + 6 x^11 + 4 x^10 + 2 x^9 - 6 x^8 + 16 x^7 + 4 x^6 + 8 x^5 + 9 x^4 + 6 x^3 + 13 x^2 + 4 x + 4 correct
(POLY-POW 0     3) => 0 correct
(POLY-POW 1     3) => 1 correct
(POLY-POW x     3) => x^3 correct
(POLY-POW 3     3) => 27 correct
(POLY-POW 3 x     3) => 27 x^3 correct
(POLY-POW -3     3) => -27 correct
(POLY-POW -3 x     3) => -27 x^3 correct
(POLY-POW 2 x - 2     3) => 8 x^3 - 24 x^2 + 24 x - 8 correct
(POLY-POW 2/3 x^2 + 4 x - 2     3) => 8/27 x^6 + 16/3 x^5 + 88/3 x^4 + 32 x^3 - 88 x^2 + 48 x - 8 correct
(POLY-POW -3/4 x^10 + 1/5 x^5     3) => -27/64 x^30 + 27/80 x^25 - 9/100 x^20 + 1/125 x^15 correct
(POLY-POW 2 x^5 - 2 x^3 + 2     3) => 8 x^15 - 24 x^13 + 24 x^11 + 24 x^10 - 8 x^9 - 48 x^8 + 24 x^6 + 24 x^5 - 24 x^3 + 8 correct
(POLY-POW 3 x^10 - 2 x^8 + x^7 + 2 x^5 + 3 x^2 + x + 2     3) => 27 x^30 - 54 x^28 + 27 x^27 + 36 x^26 + 18 x^25 + x^24 - 60 x^23 + 111 x^22 + 52 x^21 - 42 x^20 + 24 x^19 - 42 x^18 + 132 x^17 + 57 x^16 - 13 x^15 + 99 x^14 + 18 x^13 + 123 x^12 + 39 x^11 + 69 x^9 + 24 x^8 + 90 x^7 + 51 x^6 + 51 x^5 + 63 x^4 + 37 x^3 + 42 x^2 + 12 x + 8 correct
(POLY-POW x - 1     2) => x^2 - 2 x + 1 correct
(POLY-POW x - 1     3) => x^3 - 3 x^2 + 3 x - 1 correct
(POLY-POW x - 1     4) => x^4 - 4 x^3 + 6 x^2 - 4 x + 1 correct
(POLY-POW x - 1     5) => x^5 - 5 x^4 + 10 x^3 - 10 x^2 + 5 x - 1 correct
(POLY-POW x - 1     6) => x^6 - 6 x^5 + 15 x^4 - 20 x^3 + 15 x^2 - 6 x + 1 correct
(POLY-POW x - 1     2) => x^2 - 2 x + 1 correct
(POLY-POW x - 1     3) => x^3 - 3 x^2 + 3 x - 1 correct
(POLY-POW x - 1     4) => x^4 - 4 x^3 + 6 x^2 - 4 x + 1 correct
(POLY-POW x - 1     5) => x^5 - 5 x^4 + 10 x^3 - 10 x^2 + 5 x - 1 correct
(POLY-POW x - 1     6) => x^6 - 6 x^5 + 15 x^4 - 20 x^3 + 15 x^2 - 6 x + 1 correct
